Hello World!
text: 00000000800002AE, trojan data: 000000008002A000, spy data 000000008000A000
1000 points done
1000 points done
1000 points done
1000 points done
1000 points done
Done... printing results
195 40589
134 39283
12 39029
24 39325
49 39324
99 39413
199 39192
142 39409
29 39602
58 39346
117 39107
234 39496
213 39258
171 39555
87 39176
174 39224
93 39221
187 39049
119 39534
238 39068
220 39298
184 39262
113 39325
227 39308
199 39087
143 39209
30 39115
60 38935
121 39606
243 39080
231 39021
207 39169
158 39210
61 39133
122 39285
244 39480
232 39083
209 39602
163 39356
71 39109
142 39347
29 39385
58 39248
117 39164
235 39243
214 39480
173 39186
90 39444
180 39431
105 39261
211 39561
167 39373
79 39630
159 39288
63 39442
126 39320
252 39166
249 39348
243 39011
231 39390
206 38921
157 39427
58 39345
117 39393
235 39483
214 39295
172 39293
88 39504
177 39012
98 39605
196 39178
136 39456
17 39035
35 39242
71 39444
142 39056
29 39402
59 39208
119 39239
239 39093
223 39477
190 39190
124 39233
248 39352
241 39459
227 39478
198 39658
141 39085
27 39190
55 39127
110 39527
220 39396
184 39639
113 39497
226 39212
197 39288
139 39227
22 39251
44 39058
89 39131
179 39307
103 39390
207 38972
158 39451
60 39005
121 39408
243 39498
231 38826
207 39249
158 39084
61 39372
123 39327
247 39361
238 39010
221 39256
186 39201
116 39291
232 39422
209 39292
162 39482
68 39174
136 39286
17 39083
34 39267
68 39253
137 39234
19 39154
38 38969
77 38923
154 39502
52 39340
105 39307
211 39512
166 39591
77 39461
155 39272
55 39401
111 39193
223 39479
191 39239
126 39117
253 39193
250 39133
244 39517
232 39140
208 39136
161 39242
66 39450
132 39037
8 39474
16 39273
32 39166
64 39335
129 39271
3 39158
6 39482
12 39331
24 39024
48 39410
97 39644
195 39310
135 39430
14 38544
29 38958
58 39253
117 39662
234 38972
212 39292
168 39257
81 39586
162 39155
68 39376
136 39196
17 39316
35 39175
71 39045
143 39157
30 39260
60 39191
120 39208
240 39371
225 39524
194 39357
132 39298
8 39327
16 39379
33 39260
66 39418
133 39272
11 39178
22 39224
45 39379
90 39337
180 39314
104 39335
208 39027
161 39336
67 39155
135 39004
14 39024
29 39234
58 39079
117 39378
234 39490
213 39147
170 39381
84 39162
169 39144
83 39423
166 39384
76 39460
153 39279
51 39132
102 39022
205 38975
155 39392
54 39205
109 39437
219 39305
183 39396
110 39448
220 39247
185 39224
114 39016
228 39107
200 39276
145 39211
35 39322
71 39220
142 39270
29 39606
59 39256
119 39324
239 39374
222 39184
189 39082
123 39439
247 39358
238 39040
221 39309
187 39423
119 39300
238 38822
220 39348
184 39041
112 39252
225 39216
194 39212
132 39224
8 39154
16 39700
33 39211
66 39276
132 39540
8 39374
17 39074
35 39207
71 39242
142 39469
29 39196
58 39464
116 39393
232 39388
208 39296
161 39343
66 39367
133 39230
10 38967
21 39455
42 39223
85 39404
170 39397
84 39085
168 39446
80 39287
160 39304
64 39300
129 39328
3 39565
7 39318
14 39436
28 38869
56 39573
113 39306
227 38794
198 39389
140 39426
25 39241
51 38964
103 38892
207 39058
159 39348
63 39406
126 39218
253 39360
251 39246
247 39272
238 38903
220 39231
185 39082
115 39388
231 39079
207 39370
158 39322
61 39510
122 39514
244 39081
232 39474
208 39445
160 39223
64 39272
128 39214
1 38886
2 39306
4 39311
9 39436
19 39105
39 39116
79 39356
159 39107
63 39365
126 39376
253 39491
251 39207
246 39358
237 39172
219 39604
183 39119
111 39227
222 39520
189 38969
122 39429
244 39447
233 39323
211 39018
166 39298
76 39099
153 39364
50 39448
100 39259
201 39099
146 39398
36 39213
72 39003
144 39160
33 39184
67 39294
134 39681
13 39325
27 39293
54 39359
108 39386
216 39438
176 39058
97 39531
195 39312
135 39275
15 39328
31 39430
62 39407
124 39659
248 39351
240 39308
224 39201
192 39429
129 39343
2 39219
4 39196
9 39236
18 39147
36 38990
73 39167
146 39249
37 39321
75 39339
150 39450
44 39329
88 39439
176 39429
97 39271
195 39151
135 39004
14 39177
29 39504
59 39358
118 39559
236 39376
216 39330
177 39381
98 39234
197 39249
139 39256
22 39534
44 38717
88 39536
177 39301
98 39419
196 39309
136 39307
16 38871
33 39204
66 39045
132 39291
8 39289
16 39101
32 39061
64 39127
128 39342
0 39389
0 39050
1 39394
2 39207
5 39470
11 39289
22 39101
44 39281
89 39467
178 39210
101 39037
203 39517
151 39443
46 39435
93 39262
186 39542
117 39375
235 39153
214 39282
172 39410
88 39456
176 39390
96 39320
192 39479
128 39323
0 39048
1 39465
2 39360
5 39217
11 39544
23 39363
46 39515
92 39517
185 38952
115 39343
230 39320
205 39214
154 39229
52 39025
105 39380
210 39333
165 39329
74 39463
148 39295
41 39628
83 39083
167 39357
78 39312
157 39496
58 39261
116 39235
233 39392
210 39226
165 39277
75 39735
151 39557
47 39263
94 39207
189 39338
123 39488
247 39109
238 39218
220 39308
185 39339
115 39679
231 38983
206 39334
156 39372
56 39075
112 39452
225 39548
194 39436
133 39366
11 39157
22 39362
44 39152
88 39375
176 39186
96 38923
192 39300
128 39352
1 39245
2 39322
4 39299
8 39143
16 39553
32 39429
64 39473
129 39020
3 39020
7 39140
15 39558
30 39175
61 39181
122 39309
245 39549
234 39369
212 39214
168 39302
80 39302
160 38931
64 39575
129 39361
2 39125
4 39431
9 39338
19 39293
38 39203
77 39155
155 39109
55 39363
111 39325
223 39198
190 39361
125 39194
250 39516
245 39338
234 39452
213 39486
171 39416
87 39157
175 39325
95 39429
191 39271
127 39646
255 39283
254 39052
253 39374
250 39435
245 39499
234 39110
212 38987
169 39634
82 39295
165 39537
75 39187
151 39188
47 39280
94 39340
189 39264
123 39501
246 39245
237 39344
219 39189
182 39306
108 39077
216 39279
177 39275
98 39478
196 39255
137 39272
19 39103
39 39328
79 39138
158 39446
60 39378
120 39334
240 39339
225 39502
195 39490
134 39218
13 39266
26 39034
53 39281
107 39522
215 39522
175 39456
95 39406
191 39050
126 39341
253 39295
250 39276
245 39062
234 39443
213 39052
171 39313
86 39287
173 39429
91 38757
183 39091
111 38891
223 39257
191 39306
126 39230
252 39206
248 39142
241 39050
226 39413
196 39318
137 39515
19 39147
39 39148
79 39240
159 39424
63 39411
127 39467
254 39423
253 38903
250 39471
245 39070
235 39428
215 39478
174 39655
92 39229
184 39256
112 39384
225 39257
194 39546
132 39130
9 39571
18 39309
37 39314
75 39548
150 39141
45 39504
90 39485
180 39182
105 39626
210 39283
164 39193
72 39241
144 39410
32 39214
64 39108
129 39559
2 39352
4 39536
9 39167
18 39338
36 39502
72 39115
144 39707
33 39178
67 39261
135 39469
14 39447
28 39179
56 39517
113 39226
226 39392
197 39336
138 39240
21 39316
42 39415
84 39206
168 39207
80 39315
160 39300
64 39252
128 39375
0 39428
0 39351
0 39367
0 39498
1 39227
2 39403
5 39072
11 39127
22 39221
44 39359
89 39327
179 39508
103 39280
206 39392
157 39529
58 39360
116 39578
232 39139
208 38986
160 39145
65 39174
131 39269
7 39172
14 39465
28 39431
56 39381
113 39184
227 39191
199 39445
143 39522
30 39462
61 39247
122 39149
244 39286
233 39424
211 39405
166 39190
77 39421
154 39224
52 39399
104 38897
208 39168
160 39332
64 39395
128 39001
0 39224
1 39516
3 39550
7 39240
15 39328
31 39394
63 39458
127 39093
254 38908
252 39199
248 39482
241 39484
226 39619
196 39532
136 39323
17 39597
34 39683
69 39199
138 39541
21 38800
43 39354
87 39263
175 39157
95 39055
190 39247
124 39332
249 39310
242 39182
228 39500
201 39334
147 38981
38 39192
77 39165
155 39525
55 39465
111 39298
223 39605
190 39198
124 39206
248 39022
240 39474
225 39375
194 39532
133 39365
10 39162
20 39399
40 39038
81 39041
162 39266
68 39227
136 39274
16 39311
32 39278
65 39590
131 39479
6 39091
12 39484
25 39418
51 39202
102 39436
205 39131
154 39548
52 39355
105 39533
210 39304
165 39194
74 39238
148 39395
41 39121
82 39209
165 39445
75 39088
150 39387
44 39183
88 39266
176 39421
97 39433
195 39452
134 39095
13 39109
26 39346
53 39111
106 39368
213 39357
171 39393
86 39344
172 39399
89 39270
179 39458
103 39396
206 39272
157 39502
59 39321
119 39457
238 39136
220 39550
184 39057
113 39401
226 39227
196 39160
137 39252
18 39410
36 39303
72 38894
144 39417
33 39384
66 39560
133 39500
10 39383
21 39206
42 39422
85 39156
171 39484
86 39268
172 39328
88 39299
177 39276
99 39179
198 39403
141 39400
26 39207
52 39619
105 38894
210 39121
164 39220
73 39502
147 39342
39 39263
78 38983
157 39251
59 39282
119 39562
239 39263
223 39185
191 39370
126 39232
253 39392
250 39017
244 39319
232 38830
208 39361
160 39250
64 39254
129 39296
3 39474
6 39149
13 39462
26 39450
53 39286
107 39508
214 39338
173 39189
90 39565
180 39183
104 39019
209 39510
162 39329
68 39349
136 39222
17 39276
35 39211
71 39264
143 39492
31 39385
63 39571
126 39210
253 39333
251 39333
246 39278
237 39209
218 38854
180 39201
104 39515
209 39326
163 39298
71 39213
143 39314
31 39178
63 39272
126 39008
252 39243
248 39396
241 39118
227 39126
199 39574
143 39520
31 39506
63 39198
127 39236
255 39497
254 39289
253 38903
250 39299
244 39247
233 39157
211 39605
166 39265
76 39591
152 39518
48 39114
97 39522
194 39513
133 39228
11 39606
23 39275
46 39253
93 39519
187 39210
118 39089
237 39507
219 39356
183 39500
110 39223
220 39088
185 39344
114 39329
229 38919
203 39380
151 39418
47 39071
95 39019
191 39546
127 39452
255 39345
255 39245
255 39449
254 39139
252 39484
249 39255
242 39126
229 39198
202 39224
149 39501
42 39214
84 39482
169 39217
83 39275
166 39499
77 39365
155 39024
55 39218
110 39212
221 39341
187 39260
119 38973
239 39400
222 39327
188 39053
121 39341
242 39170
229 39093
202 39293
149 39312
42 39068
85 38964
170 39310
84 39048
168 39568
81 39134
163 39388
70 39378
140 39274
24 39129
48 39180
96 39002
193 39193
130 39279
5 39167
10 39285
21 39261
43 39478
87 39344
174 39292
93 38794
187 39362
119 39436
238 39444
220 39184
184 39104
112 39334
224 39350
193 39132
130 39050
5 39365
10 39283
21 39018
42 39352
84 39333
168 39530
81 39264
162 39231
69 39409
138 39273
20 39067
40 39569
81 39420
162 39264
69 39308
139 39137
23 39353
46 39396
92 39012
185 39337
115 39305
230 39274
205 39523
154 38925
53 39495
107 39123
214 38970
173 39470
90 39463
181 39023
107 39558
214 39335
172 39065
88 39317
176 39141
96 39202
193 39368
130 39218
5 39354
11 39678
23 39429
47 39412
95 38965
190 39411
125 39252
251 39368
246 39195
237 38870
218 39441
180 39375
104 39237
208 39460
160 39513
64 39509
129 39237
3 39273
7 39124
15 39277
31 39448
63 39143
127 39283
254 39511
253 39173
250 39418
244 39244
232 39515
209 39649
162 39252
68 39435
137 39509
18 39286
36 39403
73 39330
146 39281
36 39120
72 39081
144 39125
32 39436
65 39164
131 39164
7 39366
15 39330
31 39233
62 39297
124 39325
248 39032
241 39047
226 39515
197 39308
138 39300
20 39297
40 39402
81 39098
163 39396
70 38952
141 39368
27 39554
54 39485
108 39196
216 39273
177 39413
99 39582
199 39481
143 39364
30 39318
61 39322
123 39191
246 39440
236 39458
216 39463
176 39330
97 39492
194 39130
132 39277
8 38923
17 39154
35 39465
71 39239
142 39329
29 39222
58 39489
117 39476
234 39515
212 39288
168 39220
80 39230
160 39393
64 39116
128 39442
0 39322
0 39452
0 39329
1 39407
3 39040
7 39372
15 39451
30 39262
61 39286
123 39234
247 39145
238 39658
220 39501
184 39264
112 39313
224 39183
192 39223
128 38926
1 39276
2 39275
4 39508
8 39590
17 39341
35 39032
71 38979
143 39172
31 39332
63 39257
127 39462
254 39063
252 39375
249 39544
242 39282
229 39039
203 39303
151 39049
47 39211
95 39273
191 39493
126 39353
253 39356
250 39184
244 39000
232 39346
209 38935
162 39465
68 39220
137 39414
18 39467
36 39621
72 39414
144 39288
32 39233
65 39410
130 39574
5 39115
11 39403
22 39485
45 39101
91 39347
182 39452
109 39238
218 39005
180 39073
104 39193
209 39019
163 39283
71 39071
143 39186
30 39330
60 39161
120 39226
241 39491
227 39359
198 39275
140 39264
25 39242
50 39362
100 38985
201 39389
146 39416
36 39112
72 39363
145 39575
35 39368
71 39433
142 39398
29 39273
59 38982
119 39598
238 39022
220 39307
184 39351
113 39388
226 39330
196 39237
136 39482
17 39441
35 39388
71 39173
143 39226
31 39248
62 39428
125 39494
250 39411
245 38898
234 39340
212 39116
169 39263
82 39378
164 39367
72 39422
144 39222
32 39574
64 39078
128 39659
1 39412
2 39238
5 39198
11 39184
22 39146
45 39226
90 39422
180 39053
104 39727
208 39162
160 39306
65 39328
131 38995
7 39266
14 39067
28 39342
57 39285
114 39390
229 39417
202 39656
149 39210
42 39187
84 39107
168 39353
80 39527
161 39396
67 39258
135 39138
14 38976
29 39236
59 39187
118 39346
236 39280
217 39136
179 39055
102 39271
205 39070
154 39180
52 39382
104 39484
209 39683
163 39101
71 39230
143 39401
31 39220
63 39132
126 39314
252 39178
248 39268
241 39264
226 39220
196 39275
136 39267
16 39233
32 39312
65 39174
130 39470
4 39305
8 39003
17 39309
35 39351
71 39174
142 38931
28 39620
57 39165
115 39371
230 39508
204 39233
153 39252
51 39162
102 39276
204 39191
153 39006
50 39287
100 39685
201 39145
146 39298
37 38972
75 39450
150 39343
45 39304
91 39214
183 39413
111 39544
222 39049
189 39280
122 39151
245 39497
235 39472
214 39468
172 39169
88 39485
177 39283
98 39385
196 39279
136 39323
17 39182
35 39518
70 39388
140 39398
24 39597
49 39501
98 39413
196 38856
136 39548
17 39152
35 39218
70 38896
141 39306
27 39586
54 39261
109 39379
218 39365
180 39134
104 39155
209 39488
163 39321
71 39211
143 39227
30 39463
60 39246
120 39459
240 39208
225 39235
194 39203
133 39235
11 39384
23 38809
46 39341
92 39034
185 38966
114 39115
229 39134
203 39345
150 39234
45 39441
91 39337
182 39120
109 39122
218 39240
181 39109
106 39170
213 39178
170 39132
85 39469
170 39321
85 39341
171 39345
86 39439
173 39004
90 39328
181 39516
106 39392
213 39275
170 39362
85 39314
171 39105
86 39691
173 39395
90 39007
180 39210
104 39414
208 39361
160 39539
64 39308
129 39202
2 38872
4 39022
8 39676
17 39124
34 38795
68 39250
137 39384
18 39307
36 39438
73 39278
146 39220
36 39275
72 39252
145 39299
34 39385
68 39424
136 39266
17 39386
35 39308
71 39467
142 39394
29 39238
58 39268
117 39313
234 38807
212 39439
168 39108
80 39281
161 39193
67 39387
134 39133
13 39336
27 39194
54 39247
109 39188
219 39065
182 39652
109 39264
218 39266
180 39269
105 39220
211 39461
166 39402
76 39162
152 39311
48 39295
96 39269
192 39281
128 39458
1 39182
3 39111
6 39017
13 39557
27 39358
55 39331
111 39367
223 39315
191 39413
126 39503
252 39325
249 39318
242 39272
228 39300
200 39220
145 39346
35 39084
71 39042
143 39640
30 39466
60 39253
120 39371
241 39091
227 39426
199 39448
143 39317
31 39191
63 39438
127 39424
255 39002
255 39068
254 39081
252 39556
248 39223
240 39415
225 39559
194 39100
133 39533
11 38930
22 39295
45 39037
91 39210
182 39479
108 39374
217 39277
178 39086
100 39036
200 39562
144 39482
32 39138
64 39135
129 39218
2 39024
5 39351
10 39400
20 39180
41 39309
83 39473
167 39438
78 39354
157 39502
58 39215
117 39452
234 39292
213 39141
171 39641
87 39502
175 39386
94 39134
188 39152
121 39387
243 39588
231 39234
206 39173
157 39210
58 39199
116 39423
232 39126
209 39335
162 39367
68 39757
136 39541
17 39375
34 39394
68 39275
137 39137
18 39149
36 39245
72 39562
144 39623
33 39206
67 39452
134 39115
12 39604
24 39198
48 39127
96 39226
193 39057
130 39127
4 39323
9 39301
19 38836
39 39167
79 39040
158 39258
61 39372
122 39466
244 39325
232 39432
208 38935
161 39126
67 39324
135 39386
15 39283
31 39110
62 39584
125 39430
250 39370
245 39113
234 39164
213 39322
171 39068
86 39256
173 39105
90 39297
180 38962
104 39266
209 38724
163 39328
71 39162
142 39214
29 39396
59 39024
118 39235
237 39417
219 39389
183 39650
111 39051
223 39292
190 39275
124 39247
248 39264
240 39296
224 38931
193 39459
131 39237
7 39545
14 39173
28 39286
57 39370
115 39224
231 39064
207 39510
158 39310
60 39407
121 39030
242 39182
228 39361
201 39223
147 39207
38 39597
76 39096
152 39286
49 39250
98 39335
197 39416
139 39371
22 39352
45 39412
90 39083
180 39214
105 39487
210 39476
164 39007
73 39083
147 39500
39 39484
78 39405
156 39338
56 39248
113 39294
227 39288
199 39500
143 39344
31 39311
63 39243
126 39046
253 39261
250 39420
245 39152
235 39540
215 39327
174 39596
92 39278
184 39425
113 39460
226 38882
197 39446
139 39416
22 39515
44 39476
88 39055
177 39220
99 39231
199 39094
143 39497
30 39526
61 39261
122 39200
244 38685
232 39378
209 39472
163 39444
70 39435
140 39354
25 39409
50 39004
101 39314
203 39101
150 39400
44 39463
89 39120
178 39282
100 39171
201 39242
146 39575
36 39272
72 39321
144 39526
32 39134
65 39387
131 39282
6 39426
12 39169
24 39379
49 39348
98 39219
197 39419
139 39278
22 39159
44 39082
88 39350
176 39387
96 39012
193 39427
131 39134
7 39536
15 39687
30 39027
60 39335
121 39181
243 38922
231 39311
206 39459
157 39678
59 39458
119 39336
239 39137
222 39276
188 39053
121 39236
243 39045
231 39391
207 39387
158 39166
61 39189
122 39136
245 39169
234 38900
213 39216
170 39268
85 39170
170 39311
84 39468
169 38899
83 39485
166 39518
77 39077
155 39341
54 39526
109 39343
219 39087
182 39354
109 39180
219 39329
183 39391
111 39365
222 39073
188 39422
120 39443
240 39075
225 39442
194 39354
133 39173
10 39259
20 39282
41 39372
83 39016
166 39281
77 39286
154 39306
52 39425
105 39380
211 39381
166 39415
76 39227
152 39197
48 39446
97 39518
194 39360
132 39043
8 39165
17 38944
35 39597
70 38827
141 39184
26 39079
52 39254
104 39095
209 39356
163 39409
71 39307
142 39277
28 39353
57 39387
115 39243
230 39569
205 39531
154 39647
52 39094
105 39104
210 39407
165 39469
75 39290
150 39550
45 39088
91 39707
183 39321
110 39356
221 39284
186 39338
116 39213
233 39461
210 39169
164 39159
73 39163
146 39642
37 39399
75 39524
151 39496
46 39115
92 39491
184 39126
113 39111
226 39604
196 39324
137 39205
19 39430
39 39135
78 39364
157 39459
58 39535
116 39229
232 39285
208 39141
161 39528
67 39360
134 39158
12 39322
24 38984
49 39247
99 39080
198 39446
141 39294
26 39324
52 39367
104 39147
209 39248
162 39558
69 39516
139 39637
23 39194
47 39006
94 39298
189 39353
122 39058
245 39171
234 39210
213 39159
170 39478
84 39009
168 39553
80 39223
161 39599
67 39377
135 38849
14 39321
28 39232
57 39353
114 39341
229 39424
202 39202
149 39396
43 39461
87 39129
175 39522
95 39283
190 39372
124 39070
249 39553
242 39189
228 39427
201 39437
146 39202
36 39054
73 39031
147 39148
39 39290
79 39534
158 39731
61 39401
123 39409
247 39019
238 39403
220 39321
184 39530
112 39371
224 39595
193 39371
131 39338
7 39337
15 39391
31 39308
62 39222
125 39330
250 39444
244 39450
232 39087
208 39183
161 39326
66 39296
132 39410
9 39066
18 39169
37 39304
75 39210
150 39341
44 39039
89 39392
178 39094
101 39394
202 39107
149 39681
43 39202
86 39279
173 39434
90 39214
181 39241
107 39629
214 38845
172 39331
88 39083
177 39270
98 39384
197 39193
139 39534
22 39347
44 39209
88 39145
176 39483
97 39422
194 39383
132 39209
8 38705
16 39163
33 39706
66 39033
133 39404
11 39079
23 39108
46 39369
93 39556
186 39229
117 39290
235 39123
215 39200
175 39070
94 39141
189 39398
122 39266
244 39290
232 39197
209 39452
163 39362
71 39347
142 39127
28 39071
56 39274
112 39050
225 39656
194 39075
132 39764
9 39426
18 39315
37 39579
74 39240
148 38944
40 39218
81 39273
162 39208
69 39338
138 39354
21 39495
42 39425
84 39584
168 39011
80 39273
161 39255
66 39364
133 39255
10 39328
20 39429
40 39404
80 39236
160 39389
65 39620
131 39486
6 39902
13 39328
27 39241
55 39406
111 39049
223 39495
190 39011
125 39370
251 39435
247 39496
238 39515
221 39206
186 39425
116 39414
233 39368
210 39183
165 39269
74 39185
149 39528
43 39037
87 39235
175 39305
95 39168
191 39223
126 39306
252 39125
249 39191
242 39270
229 39306
202 39130
149 39118
43 39186
86 39343
173 39158
90 39295
180 39330
104 39231
209 39434
162 39408
68 39143
136 39362
16 39504
33 39087
67 39210
135 39177
15 38876
31 39436
62 39432
125 39264
251 39309
246 39465
236 39326
216 39242
176 39331
97 39167
195 39491
134 39407
13 38936
26 39532
52 39189
105 39156
211 39264
167 39697
79 39114
159 39262
62 39103
124 39442
249 39381
242 39318
228 39255
201 38958
146 39406
37 39059
75 39180
151 38953
47 39095
94 39338
189 39255
122 39433
244 39432
233 39403
210 39460
164 39507
73 39181
146 39637
36 39537
72 39488
145 39181
35 39149
70 39156
141 39323
27 39328
54 39093
108 38941
216 38779
176 39071
96 39033
193 39357
131 39273
6 39233
13 39406
27 39356
54 39422
109 39399
218 39304
181 39273
106 39351
212 39662
168 39418
80 39503
161 39634
67 39003
134 39239
12 39223
24 39035
49 39247
99 39309
198 39235
141 39111
27 39329
54 39181
109 39222
219 39121
182 39344
109 39461
218 39504
181 39098
106 39561
213 39295
170 39351
84 39171
168 39431
80 39223
160 39243
64 39430
129 39429
3 39240
6 39358
12 38907
24 39272
49 39023
98 39029
196 39412
136 39112
17 39416
35 39321
71 39271
143 39270
30 39370
61 39074
123 39183
247 39093
238 39374
220 39076
185 39463
115 39115
231 39259
207 39280
158 39494
61 39454
122 39284
245 39456
234 39383
213 39277
171 39320
86 39241
172 39268
88 39156
176 39137
97 39134
195 39132
135 39328
14 39485
28 39325
56 39400
112 39058
224 39134
192 39107
128 39440
0 39577
0 39106
0 39471
1 39306
3 38894
6 39323
12 38854
24 39213
49 39224
98 38985
196 39288
136 39170
16 38831
33 39403
67 39113
134 39358
12 39509
25 39302
51 38814
102 39384
205 39239
155 39246
55 39057
111 39148
223 39468
191 39370
127 38913
254 39016
253 39145
251 39484
247 39311
238 39396
221 39445
187 38759
118 39178
237 39350
219 39346
182 39263
109 39173
218 39235
181 39211
107 39228
215 39470
175 39316
95 39210
190 39486
125 39430
250 39344
244 39144
233 39112
211 39544
167 39315
78 39619
156 39713
56 39446
112 39015
225 39306
195 39226
134 39536
13 39121
27 39338
55 38866
110 39695
220 39123
184 39405
112 39332
225 39377
194 39272
133 39209
11 39161
23 39113
47 39268
94 39264
189 39247
122 39245
244 39399
233 39394
211 39226
166 38869
76 39197
152 39064
48 39027
96 39377
192 39342
128 39343
0 39183
0 39173
0 39343
0 39259
1 39077
2 38936
5 39390
11 39223
22 39302
45 39243
90 39351
181 39385
107 39364
214 39181
172 39464
89 39474
178 39265
100 39361
201 39678
147 39470
39 39208
78 39347
157 39089
58 39214
116 39159
232 39521
209 39215
163 39176
71 39296
143 39142
30 39293
60 39650
120 39409
241 39155
226 39297
197 39028
138 39309
20 39030
41 39070
82 38889
164 38867
72 39423
145 39382
34 38983
69 39555
139 39518
22 39331
44 39357
89 39124
178 39311
101 39134
203 39177
151 39096
46 39397
92 39329
185 39741
115 39093
231 39220
207 39371
159 39253
62 39374
124 39447
248 39712
240 39425
225 39399
194 39460
132 38887
8 39374
16 39395
32 39122
64 39175
128 38909
1 39162
2 38837
5 39515
11 39310
23 39424
46 39169
92 39291
185 39275
115 39555
231 39235
207 39497
159 39404
63 39409
126 39169
252 39160
249 39207
242 39496
228 39400
201 39067
146 39377
37 39166
75 39305
151 39385
46 38853
93 39557
186 39496
116 39250
232 39288
208 39015
161 38922
66 39477
132 38998
8 39299
17 39364
35 39249
71 39550
143 39380
31 39263
62 38969
124 38937
248 39291
241 39575
227 39248
198 39480
141 39112
27 39500
55 39311
111 39596
222 39461
189 39641
122 39093
244 39254
233 39311
210 39331
164 39269
73 39304
147 39430
39 39295
79 39181
159 39624
62 39264
124 39247
248 39233
241 39367
226 39427
196 39487
136 38971
16 39431
32 39127
64 39336
128 39073
1 39104
3 39146
7 39411
14 39400
29 39462
58 39296
117 39466
235 39054
214 39201
172 39069
88 39728
176 38942
96 39114
193 39401
130 39170
5 38828
10 39158
20 39335
41 39185
82 39165
164 39184
72 39186
145 39462
34 39348
69 39371
139 39410
23 39073
46 39419
92 39064
185 39652
115 39548
230 39156
204 39097
153 39040
50 39103
100 39060
201 39401
146 39406
36 39460
73 39366
146 38998
37 38864
75 39026
150 39238
44 39284
89 39220
178 39435
101 39497
202 39495
149 39294
42 39489
84 39018
169 39534
83 39269
167 39412
79 39094
159 39598
63 39382
126 39243
253 39382
251 39286
246 39263
236 39637
217 39347
178 39116
100 39248
200 39392
145 39545
34 39231
68 39156
136 39293
16 39331
32 39357
65 39168
131 39116
7 39180
15 39512
30 39328
60 39664
120 39171
240 39219
224 39340
193 39277
131 39248
7 39604
14 39289
28 39310
57 39327
114 38978
229 39266
203 39009
151 39539
47 39217
94 39053
189 39224
123 39262
247 39357
239 39672
223 39565
191 39429
126 39167
253 39266
251 39101
246 39073
236 39379
216 39009
176 39411
97 39413
194 39298
132 39245
8 39507
17 39269
34 39381
68 39285
136 39302
17 39022
35 39644
71 39398
143 39274
30 39524
60 39098
120 39445
241 39411
227 39203
198 39218
141 39192
26 39350
52 39461
105 39311
211 39306
167 39576
79 39153
158 39217
61 38730
122 39253
245 39228
235 39590
215 39455
175 39550
94 39396
188 39263
120 39168
240 39380
225 39153
194 39188
132 39413
8 39321
16 39466
33 39254
66 39468
133 39580
10 39425
20 39259
41 39367
82 39171
165 39413
75 39477
150 39291
44 39323
89 39286
179 39317
103 39490
207 39086
159 39357
62 39542
125 39059
251 39489
247 39198
239 39115
223 39163
190 39427
125 39178
250 39283
245 39381
235 39353
214 39422
173 39170
90 39257
180 39448
104 39372
209 39401
162 39452
69 39363
138 39431
20 39293
40 39463
80 39358
160 39067
64 39462
129 39246
2 39130
5 39524
10 39158
21 39025
42 38966
85 39329
170 39461
84 39307
168 39321
81 39012
162 39355
68 39165
137 39429
18 39381
36 39450
73 39196
146 39276
37 39422
74 39314
149 39069
43 39384
87 39313
175 39558
95 39720
191 39379
127 39110
254 39151
252 39157
248 39097
240 39044
224 39339
192 39202
128 39324
1 39379
2 39291
4 39279
8 39291
16 39308
32 38973
65 39228
131 39328
6 39244
12 39590
25 39266
51 39074
103 39125
207 39527
158 39298
61 39346
122 39184
245 39292
234 39122
212 39354
169 39076
82 39231
165 39215
74 39074
148 39268
40 39185
80 39259
160 39123
65 39532
130 39234
5 39201
11 39480
22 38975
44 39555
89 39195
178 39377
101 39210
202 39102
148 39003
40 39389
80 39279
160 39352
64 39650
129 39301
3 39270
7 39205
14 39176
28 39164
56 39018
113 39305
226 39155
197 39570
139 39447
23 39168
47 39281
94 39673
188 39078
120 39224
241 39188
227 39353
199 39075
142 39191
28 39269
57 39279
115 39425
231 39190
206 39318
156 38705
57 39031
115 39498
230 39490
204 39085
152 39147
49 39288
98 39335
197 38972
139 39687
23 39301
46 39422
93 39302
186 38977
117 39102
234 39314
212 39460
169 38964
83 39242
166 39588
76 39075
152 39084
48 39195
96 39457
192 39279
129 39377
3 39086
6 39133
13 39327
26 39153
53 39388
106 39212
212 39540
169 38726
83 39314
166 39391
76 39211
152 39130
49 39200
98 39502
197 39262
138 39204
20 39202
40 39343
81 39250
163 39351
71 39056
143 39277
31 39093
63 39474
126 39347
253 39404
250 39060
245 39278
235 38980
215 39111
175 39414
95 39294
191 39063
126 39213
253 39190
251 39491
246 39151
237 38896
219 39279
183 39205
110 39587
220 39490
185 39483
114 39067
229 39375
202 39398
148 38998
41 39224
83 39468
167 38994
78 39213
157 39169
59 39575
118 39370
237 39297
218 39334
180 39071
104 39012
208 39419
160 39390
64 39495
128 39579
1 39217
2 39084
5 39272
11 39142
22 39490
44 39377
88 39442
176 39542
96 39140
192 39581
128 39158
1 39352
3 39049
6 39299
13 39268
27 39212
54 39203
108 39275
217 39082
178 39255
101 39270
202 39340
149 39134
43 39376
86 39128
172 39717
88 39350
176 39087
96 39594
192 39419
128 38877
0 39489
1 39354
2 39359
5 39178
10 39467
20 39173
41 39411
83 39309
166 39117
76 39474
152 39545
49 39282
98 39361
197 39092
138 39204
20 39070
41 39240
83 39557
166 39322
76 39413
152 39416
49 39413
99 39147
198 39128
140 39260
25 39316
51 39178
102 39374
204 39222
153 39427
51 39209
102 39392
205 39076
155 38906
54 39327
109 39272
219 39343
182 38964
109 39378
219 39335
182 39051
109 39321
219 39170
182 39414
108 39113
217 39586
179 39560
103 39148
206 39317
156 39244
56 39227
113 39313
226 39506
196 39347
136 39407
17 39289
35 39442
70 39463
141 39034
27 39337
55 38943
110 39408
220 39595
185 39213
115 39460
231 39539
206 39047
157 39144
59 39388
119 39666
239 39569
223 39285
190 39532
125 39090
250 39345
245 39592
235 39022
214 39500
173 39625
90 39500
180 39179
105 39024
210 39470
164 39625
72 39366
145 38919
34 39253
69 39295
138 39575
20 39440
40 38940
80 39418
160 39256
65 39455
131 39169
6 39428
12 39490
24 39635
49 39602
98 39149
197 39251
138 39098
20 39235
40 39359
80 39143
161 39407
67 39082
134 38828
12 39429
25 39190
50 39332
101 39148
203 39257
151 39183
46 39373
92 39425
185 39288
114 39272
229 39229
202 39161
148 39228
40 39228
81 39053
163 39643
70 39742
140 39427
25 39160
50 39106
100 39429
200 39497
145 39278
34 39148
68 39439
137 39370
18 39240
36 39069
72 39342
145 39424
35 39137
70 39315
140 39442
25 39432
51 39206
103 39359
206 39234
157 39132
59 39563
118 38904
237 39331
219 39358
183 39196
110 39196
220 38920
184 39030
113 39413
227 39408
198 39306
141 39346
26 39553
52 39267
105 39556
211 39431
167 39652
79 38878
159 39384
62 39338
125 38993
250 39129
244 39367
233 39400
211 39269
167 39479
79 39366
159 39563
63 39404
127 39243
255 39337
254 39138
252 39274
249 39381
242 39507
228 39317
200 39397
145 38984
34 38840
68 39410
136 39291
17 39368
34 39338
68 39119
136 39334
17 39105
35 39394
70 39321
141 39210
27 39304
54 39478
108 39298
216 39310
176 39496
96 39091
192 39554
129 39439
2 39437
4 38876
8 39470
17 39350
34 39181
68 39225
137 39104
19 39142
39 39180
78 39619
156 38996
57 39240
114 39424
228 39352
201 39456
147 39187
39 39615
78 39386
157 39236
59 39524
119 39219
238 39308
221 39235
186 39395
116 39396
233 39522
211 39402
166 39237
76 38995
153 39098
50 39421
100 39419
200 39334
145 39465
35 39116
71 39195
143 39190
31 39337
62 39490
124 39157
248 38900
241 39166
226 39031
196 39486
137 38956
19 39404
39 39172
78 39217
157 39301
59 39186
119 39342
238 39196
220 39496
184 39047
113 39354
226 39294
196 39318
136 39601
16 39335
33 38906
67 39609
135 39339
14 39064
28 39423
56 39071
113 39346
227 39034
198 38871
141 39221
26 39746
52 39227
105 38939
210 39259
164 39086
72 39389
144 39345
32 39253
65 39192
130 39034
5 39169
10 38951
21 39323
43 39563
87 39130
174 39261
93 39204
186 39171
116 39251
233 39597
211 39566
167 38984
79 39049
159 39224
62 39071
125 39552
251 39172
246 38944
236 39342
217 39347
178 39309
100 39409
201 39458
147 39377
38 39224
76 39167
153 39439
51 39142
103 39228
206 39442
156 39414
57 39310
115 39468
231 39510
206 39126
157 39350
58 39442
116 39092
232 39332
208 39150
160 39283
64 39251
129 39425
2 39268
5 39317
11 39163
22 39226
44 39065
88 39314
177 38944
98 39143
196 39174
136 39379
17 39158
35 39214
70 39367
141 39210
26 39072
52 39270
105 39367
210 39352
165 39126
75 39123
151 39351
46 39360
92 39255
185 39239
115 39226
230 38866
205 39116
155 39198
55 39277
110 39075
221 39290
186 39637
116 39508
232 39432
209 39581
162 39446
69 39238
139 39236
22 39064
45 39269
90 39176
180 39078
104 39193
209 39144
163 39505
70 39378
140 39263
24 39429
48 39315
97 39152
195 39577
135 39445
14 39041
29 39230
59 39102
119 39446
238 39263
221 39122
187 39006
118 39673
236 39204
217 39603
178 39509
101 39078
203 39109
151 39283
46 39263
93 39267
186 39427
116 39121
232 39245
208 39475
161 39363
66 38978
133 39763
11 39166
22 39249
44 39621
88 39208
177 39103
98 39046
196 39492
137 39131
19 39419
38 39269
77 39203
155 39196
54 38849
109 39254
219 39262
183 39252
110 39291
221 39062
186 39475
116 39407
233 39563
211 39788
166 39142
77 39197
154 39401
53 39090
106 39329
213 39016
171 39249
86 39111
172 39314
89 39069
179 39318
103 39031
206 38921
156 39441
56 38991
113 39464
227 39713
198 39238
140 39180
24 39511
48 39575
96 39540
192 39224
128 39376
1 39658
3 39405
6 39378
13 39189
26 39431
53 39490
106 39156
213 39594
170 39477
85 39224
171 39606
87 39232
174 39378
93 39230
187 39240
118 39197
237 39455
218 39244
180 39196
105 39306
211 38987
166 39235
76 39228
152 39581
49 39327
98 39278
197 39195
138 39135
21 39258
42 38869
85 39370
170 39066
85 39422
171 39214
86 39190
173 39372
90 39175
180 39349
105 39404
210 39301
165 39376
75 39296
150 39037
44 39253
88 39267
177 39148
99 39139
198 39380
141 39037
27 39284
55 39239
111 39462
222 39402
189 39247
122 39200
244 39072
233 39082
210 39180
164 39351
72 39316
144 39281
32 39163
64 39353
129 39293
2 39525
4 39392
8 39556
16 39037
33 39442
67 38956
134 39280
12 39464
24 39200
48 39386
96 39253
193 39412
131 39320
7 38732
14 39109
29 39142
58 39344
116 39205
233 39301
210 39398
165 39683
75 39320
150 39188
45 39313
90 39099
181 39378
106 39539
212 39377
168 39353
80 39473
160 39309
65 39117
131 39341
7 38893
15 39112
31 39513
63 39020
126 38982
253 39066
251 39092
247 39607
238 38885
220 39208
184 39363
113 39536
227 39419
198 39049
141 39235
27 39415
54 39269
108 39537
216 39321
177 39548
99 39325
199 39060
142 39135
28 39425
56 39514
113 39276
227 39220
199 39209
143 39373
31 39319
63 39172
127 39263
255 39261
254 39327
253 39090
250 39421
244 39091
232 39377
209 39701
162 39468
69 39488
138 39649
20 39427
40 39295
81 39317
163 38976
71 39218
142 39188
28 38959
57 39535
114 39543
229 39248
203 39456
150 39245
44 39490
88 39217
177 39408
98 39277
196 39039
137 39200
19 39188
39 39288
78 39367
156 39395
57 38829
115 39363
230 38855
204 39272
153 39604
51 39314
103 39504
207 39260
159 39326
63 39113
127 39020
254 39274
252 39262
249 39535
243 39424
230 39284
205 39257
155 39280
55 38825
110 38892
220 39380
184 39207
113 39162
226 39327
196 39593
136 39312
17 39137
35 39166
70 39250
141 39261
26 39564
52 39301
104 39206
209 39378
163 39563
71 39213
142 39135
28 39509
56 39206
112 39213
224 39062
193 39173
130 39371
5 39024
10 38839
20 39271
41 39057
83 39262
166 39195
77 39310
154 39311
52 39272
104 39145
208 39749
161 39305
66 39073
132 39199
9 39322
18 39028
36 39293
72 39342
145 38984
35 39463
71 39389
142 39243
29 39214
58 39388
116 39007
233 39718
210 39480
165 39208
74 39518
149 39500
42 39218
85 39609
170 39574
84 39123
168 39549
81 38995
163 39284
70 39684
140 39177
24 39299
49 39333
98 39133
196 39427
137 39141
18 39339
37 39412
74 39415
148 39012
40 39260
81 39324
162 39542
69 39567
138 39493
20 39325
41 39358
83 39080
166 38954
77 39081
154 39195
52 39234
104 39559
209 39280
162 38943
68 39125
136 39417
17 39028
35 39392
70 39196
140 39124
24 39505
48 39299
97 39167
194 39557
132 39086
8 39396
17 39354
34 39338
69 39464
139 39495
23 39418
46 39304
92 39502
184 39204
112 39309
224 39521
192 39284
129 39359
3 39296
7 39371
15 39188
30 39218
61 39185
123 39426
246 39446
237 39263
219 39315
182 39267
109 39317
218 39306
180 39431
105 39079
210 39049
165 39301
74 39227
149 39145
43 39322
86 38972
172 39342
89 39469
179 39505
102 39366
205 39253
155 39435
55 39329
111 39376
222 39278
188 39438
121 39434
242 39148
229 39449
202 39220
148 39299
41 39401
82 39472
165 39485
75 39437
150 39410
45 39226
91 39226
183 39567
111 39265
223 39362
191 39134
127 39399
254 39635
252 39415
248 39070
241 38980
227 39397
199 39346
143 39534
30 39330
61 39222
122 38930
245 39373
234 39561
213 39112
170 39247
85 38958
171 39092
87 39466
174 39060
92 39421
185 39069
115 39414
231 39179
207 39588
159 39275
62 39000
125 38872
251 39370
246 39397
237 39079
218 39283
181 39221
106 39336
212 38826
168 39380
81 39087
162 39280
69 39348
139 39326
22 39331
45 39345
90 39219
180 39037
104 39548
209 39123
163 39238
71 39598
143 39325
30 39372
61 39498
123 39506
247 39222
239 39278
222 39380
188 39132
121 39237
242 39265
228 39217
201 39563
147 39158
39 39202
79 39345
159 39297
63 39360
126 39350
253 39045
250 39421
245 39125
234 39352
213 39575
170 39351
84 39310
168 39301
81 39268
162 39136
69 39227
138 39353
21 39297
42 38981
84 39189
169 39348
83 39310
166 39140
77 39268
155 39097
55 39148
110 39110
221 39105
187 39562
119 39401
239 39560
222 39311
188 39174
121 39526
242 38986
229 39236
203 39140
150 39390
45 39338
91 39454
182 39441
108 39526
217 39233
178 39052
101 39409
203 38918
151 39220
46 39409
93 39172
187 39781
119 39177
239 38715
222 39231
188 39347
120 39469
240 39275
225 39091
195 39199
135 39513
15 39277
30 39365
61 39292
122 39285
245 39183
234 39362
212 39107
169 39102
83 39393
166 39461
77 39415
155 39718
54 39676
108 39187
217 39415
178 39340
101 38953
202 39438
148 39386
40 39098
81 39312
163 39301
70 39036
140 39112
24 38974
48 39047
97 39246
195 38999
134 39287
13 39323
27 39530
55 39262
110 39322
220 38974
185 39096
115 39451
230 39134
205 39254
154 39240
52 39067
105 39058
211 39357
166 39313
77 39416
155 39427
54 39497
108 39439
216 39249
176 39598
97 39409
195 39398
135 39212
14 39498
29 39752
59 39140
118 39379
236 39496
217 39392
178 39511
101 39411
203 39455
151 39303
46 39222
93 39290
187 39414
119 39299
238 39384
220 39267
184 39230
113 39227
227 39638
199 39394
142 39413
29 38978
59 39274
118 39362
237 39333
219 39252
182 39254
108 39288
216 39363
176 39392
96 39640
192 39351
128 39489
0 39301
0 39249
1 39358
3 39434
7 39467
14 39139
29 39652
59 39237
118 39397
237 39437
219 39207
182 39274
108 38844
217 39096
178 39254
101 39287
202 39110
148 39066
41 39201
83 39193
167 39410
79 39473
158 39390
60 39165
120 39379
241 38994
226 39277
197 39322
138 39029
20 39337
40 39286
81 39078
162 38838
69 39013
138 39259
21 39123
42 39422
84 39233
169 39244
82 39317
164 39272
72 39130
144 39460
33 39190
67 39294
135 39204
14 39319
29 39514
59 39292
119 39262
239 39492
223 39499
191 39144
126 39426
253 38857
250 39392
245 39222
235 39379
214 39425
172 39204
89 39209
179 39401
102 39361
204 39062
152 39337
48 39399
97 39308
195 39299
134 39430
12 39478
24 39071
49 39437
98 39460
196 39475
137 39221
18 39252
37 39064
74 39417
148 39479
40 39365
81 39080
162 39037
69 39582
139 39166
23 39468
46 39427
92 39427
184 39195
112 39269
224 39194
192 39167
128 39407
1 39059
3 39333
6 39191
13 39169
26 39164
53 39347
107 39299
215 39192
174 39493
93 39388
186 39000
116 39026
233 39524
210 39236
165 39630
75 39507
151 39306
46 39451
93 39551
187 39542
119 39263
238 39292
221 39138
187 39340
119 39130
239 39363
222 39405
188 39544
121 39215
242 39099
229 39169
202 39121
148 39300
41 39316
82 39153
164 39089
73 39024
147 39020
38 39407
76 39616
153 39127
51 39204
103 38929
206 39468
157 39212
58 39461
117 39307
235 39339
215 39011
174 39437
93 39351
186 39510
117 39352
235 39143
215 39303
174 39403
92 39485
185 39282
114 39171
228 39354
201 39153
147 39409
38 39189
76 39478
153 39202
50 39465
100 39344
200 39799
144 39213
32 39292
65 39434
131 39065
6 39676
12 39347
24 39457
49 39176
99 39374
198 39521
140 39491
24 39187
49 39372
99 39213
198 39595
140 39143
25 39614
50 39280
101 39001
203 39287
150 39337
44 39369
88 39492
176 39287
96 39201
192 39260
128 39284
0 39423
1 39337
2 39152
4 38993
8 39350
16 39155
32 38959
64 39000
128 39357
0 39592
0 39443
1 39113
2 39286
5 39312
10 39651
21 39034
43 39536
87 39309
175 39525
94 39377
189 39500
122 39219
245 39233
235 38979
215 39137
174 38921
93 39276
187 39437
118 39459
237 39110
219 39003
182 39446
109 39375
219 39425
182 39426
108 39334
216 39510
177 39384
98 39348
196 39626
137 39209
19 39290
39 39026
79 39494
159 39102
62 39166
124 39003
249 39252
243 39141
230 39163
204 39337
153 39383
51 39582
102 39084
205 39089
155 39492
55 39419
110 39427
220 39397
184 39487
112 39320
225 39492
195 39454
135 39637
14 39385
29 39226
58 39453
117 39274
235 38951
214 39216
172 39021
88 39279
177 38753
99 39116
198 39216
140 39370
24 39437
49 38743
98 39047
196 39217
137 39590
19 39366
38 39215
77 39396
155 39086
55 39121
111 39063
222 39348
188 39478
121 39053
242 39533
229 39642
203 38765
151 39272
46 38987
93 38964
187 39290
119 39114
238 39073
221 39390
186 39502
117 39161
234 39392
212 39245
169 39407
83 39298
167 39409
79 39493
159 39380
63 39068
126 39018
252 39462
249 39197
243 39222
231 39287
206 39129
156 39500
56 39493
112 39182
225 38833
195 39207
134 39266
13 39294
27 39562
55 39264
111 39442
223 39209
190 39209
125 39068
251 39287
247 39431
238 39521
221 39420
