Hello World!
text: 0000000010005302, shared data: 0000000080000000
data in DRAM... making one way cache
1000 points done
1000 points done
1000 points done
Done... printing results
195 8122
134 9578
12 12453
24 12160
49 11574
99 10405
199 8038
142 9388
29 12051
58 11371
117 9972
234 7205
213 7716
171 8701
87 10689
174 8626
93 10540
187 8322
119 9921
238 7113
220 7540
184 8401
113 10073
227 7381
199 8049
143 9361
30 12033
60 11333
121 9894
243 7005
231 7281
207 7857
158 9009
61 11290
122 9838
244 6980
232 7272
209 7791
163 8892
71 11049
142 9388
29 12051
58 11373
117 9962
235 7205
214 7681
173 8667
90 10601
180 8491
105 10255
211 7766
167 8786
79 10866
159 8984
63 11256
126 9770
252 6795
249 6863
243 7013
231 7297
206 7865
157 9044
58 11350
117 9972
235 7204
214 7691
172 8676
88 10665
177 8551
98 10431
196 8108
136 9511
17 12326
35 11909
71 11066
142 9403
29 12049
59 11334
119 9931
239 7105
223 7481
190 8258
124 9818
248 6898
241 7062
227 7382
198 8058
141 9411
27 12092
55 11433
110 10138
220 7548
184 8416
113 10086
226 7398
197 8084
139 9461
22 12201
44 11715
89 10646
179 8525
103 10306
207 7857
158 9008
60 11308
121 9872
243 7006
231 7297
207 7857
158 9010
61 11298
123 9829
247 6921
238 7115
221 7532
186 8341
116 10005
232 7255
209 7791
162 8910
68 11133
136 9536
17 12318
34 11925
68 11133
137 9527
19 12285
38 11841
77 10914
154 9093
52 11491
105 10247
211 7765
166 8818
77 10915
155 9085
55 11441
111 10137
223 7489
191 8232
126 9763
253 6771
250 6853
244 6980
232 7273
208 7833
161 8919
66 11166
132 9621
8 12553
16 12368
32 11968
64 11240
129 9696
3 12667
6 12586
12 12443
24 12168
48 11608
97 10456
195 8125
135 9561
14 12408
29 12051
58 11371
117 9970
234 7223
212 7741
168 8761
81 10846
162 8911
68 11116
136 9521
17 12326
35 11917
71 11048
143 9353
30 12011
60 11323
120 9890
240 7073
225 7423
194 8150
132 9618
8 12535
16 12361
33 11959
66 11178
133 9595
11 12470
22 12193
45 11675
90 10606
180 8498
104 10295
208 7835
161 8935
67 11149
135 9570
14 12393
29 12043
58 11358
117 9971
234 7213
213 7699
170 8725
84 10756
169 8735
83 10773
166 8818
76 10955
153 9120
51 11516
102 10328
205 7883
155 9084
54 11483
109 10155
219 7574
183 8417
110 10138
220 7558
185 8366
114 10045
228 7356
200 8033
145 9312
35 11908
71 11065
142 9386
29 12083
59 11333
119 9913
239 7098
222 7488
189 8275
123 9829
247 6913
238 7122
221 7522
187 8326
119 9930
238 7115
220 7564
184 8391
112 10096
225 7423
194 8165
132 9620
8 12528
16 12368
33 11958
66 11183
132 9620
8 12538
17 12359
35 11918
71 11057
142 9386
29 12043
58 11358
116 10005
232 7265
208 7835
161 8935
66 11175
133 9611
10 12485
21 12266
42 11741
85 10722
170 8728
84 10756
168 8768
80 10855
160 8961
64 11224
129 9687
3 12651
7 12568
14 12385
28 12098
56 11421
113 10063
227 7381
198 8058
140 9435
25 12167
51 11524
103 10305
207 7841
159 8985
63 11250
126 9761
253 6779
251 6821
247 6913
238 7122
220 7538
185 8367
115 10039
231 7288
207 7858
158 9010
61 11323
122 9848
244 6981
232 7256
208 7838
160 8960
64 11224
128 9703
1 12702
2 12682
4 12636
9 12518
19 12277
39 11818
79 10866
159 8993
63 11241
126 9761
253 6772
251 6821
246 6946
237 7139
219 7573
183 8427
111 10137
222 7515
189 8282
122 9863
244 6980
233 7247
211 7773
166 8826
76 10931
153 9119
50 11543
100 10380
201 7999
146 9301
36 11900
72 11038
144 9353
33 11966
67 11157
134 9578
13 12427
27 12111
54 11445
108 10188
216 7648
176 8575
97 10455
195 8149
135 9561
15 12386
31 11990
62 11268
124 9818
248 6898
240 7073
224 7464
192 8208
129 9696
2 12691
4 12628
9 12518
18 12318
36 11876
73 11014
146 9293
37 11852
75 10964
150 9202
44 11675
88 10648
176 8593
97 10431
195 8149
135 9561
14 12393
29 12042
59 11342
118 9938
236 7163
216 7640
177 8583
98 10418
197 8082
139 9475
22 12218
44 11676
88 10673
177 8575
98 10423
196 8108
136 9528
16 12358
33 11960
66 11164
132 9613
8 12538
16 12368
32 11978
64 11215
128 9721
0 12739
0 12734
1 12709
2 12689
5 12610
11 12469
22 12241
44 11708
89 10631
178 8526
101 10355
203 7949
151 9177
46 11651
93 10539
186 8351
117 9982
235 7205
214 7702
172 8675
88 10656
176 8583
96 10488
192 8218
128 9718
0 12719
1 12725
2 12689
5 12599
11 12476
23 12200
46 11642
92 10564
185 8367
115 10013
230 7306
205 7899
154 9093
52 11498
105 10247
210 7781
165 8834
74 10983
148 9245
41 11777
83 10773
167 8809
78 10883
157 9035
58 11373
116 10004
233 7240
210 7768
165 8834
75 10965
151 9185
47 11625
94 10513
189 8267
123 9828
247 6912
238 7122
220 7538
185 8367
115 10039
231 7288
206 7891
156 9051
56 11408
112 10096
225 7423
194 8165
133 9603
11 12485
22 12218
44 11683
88 10671
176 8585
96 10481
192 8216
128 9728
1 12699
2 12689
4 12629
8 12535
16 12361
32 11968
64 11238
129 9679
3 12659
7 12562
15 12377
30 12058
61 11298
122 9846
245 6956
234 7205
212 7731
168 8775
80 10846
160 8960
64 11224
129 9693
2 12706
4 12644
9 12511
19 12278
38 11841
77 10906
155 9071
55 11438
111 10113
223 7472
190 8262
125 9780
250 6838
245 6955
234 7221
213 7709
171 8702
87 10697
175 8601
95 10489
191 8241
127 9746
255 6729
254 6746
253 6770
250 6842
245 6964
234 7223
212 7725
169 8735
82 10798
165 8842
75 10974
151 9176
47 11618
94 10506
189 8282
123 9829
246 6931
237 7146
219 7589
182 8428
108 10196
216 7648
177 8566
98 10408
196 8108
137 9510
19 12284
39 11816
79 10872
158 9011
60 11318
120 9904
240 7073
225 7431
195 8149
134 9571
13 12435
26 12118
53 11483
107 10205
215 7673
175 8626
95 10496
191 8225
126 9768
253 6771
250 6838
245 6962
234 7213
213 7699
171 8718
86 10714
173 8675
91 10603
183 8433
111 10114
223 7473
191 8234
126 9768
252 6796
248 6888
241 7055
226 7414
196 8108
137 9488
19 12285
39 11824
79 10864
159 8986
63 11241
127 9752
254 6746
253 6772
250 6838
245 6963
235 7197
215 7673
174 8626
92 10571
184 8408
112 10088
225 7422
194 8158
132 9620
9 12518
18 12318
37 11859
75 10973
150 9208
45 11667
90 10613
180 8485
105 10271
210 7782
164 8861
72 11033
144 9343
32 11976
64 11225
129 9695
2 12689
4 12645
9 12519
18 12316
36 11908
72 11038
144 9353
33 11966
67 11157
135 9561
14 12425
28 12078
56 11401
113 10064
226 7414
197 8098
138 9478
21 12235
42 11742
84 10756
168 8760
80 10848
160 8961
64 11215
128 9721
0 12739
0 12719
0 12739
0 12734
1 12709
2 12689
5 12620
11 12485
22 12226
44 11691
89 10662
179 8518
103 10306
206 7873
157 9035
58 11371
116 9995
232 7272
208 7838
160 8960
65 11190
131 9652
7 12556
14 12411
28 12075
56 11408
113 10071
227 7390
199 8049
143 9369
30 12018
61 11291
122 9861
244 6980
233 7247
211 7765
166 8818
77 10907
154 9093
52 11502
104 10281
208 7833
160 8960
64 11231
128 9718
0 12719
1 12710
3 12668
7 12569
15 12376
31 12017
63 11265
127 9736
254 6745
252 6796
248 6888
241 7063
226 7398
196 8101
136 9536
17 12328
34 11958
69 11099
138 9478
21 12235
43 11719
87 10712
175 8617
95 10505
190 8258
124 9811
249 6863
242 7031
228 7373
201 7998
147 9269
38 11841
77 10923
155 9077
55 11426
111 10120
223 7490
190 8243
124 9818
248 6898
240 7073
225 7422
194 8158
133 9597
10 12495
20 12258
40 11801
81 10823
162 8908
68 11133
136 9518
16 12376
32 11975
65 11191
131 9653
6 12595
12 12458
25 12152
51 11516
102 10328
205 7883
154 9093
52 11493
105 10247
210 7783
165 8851
74 11006
148 9253
41 11767
82 10798
165 8851
75 10965
150 9195
44 11693
88 10665
176 8575
97 10438
195 8149
134 9570
13 12427
26 12118
53 11474
106 10230
213 7715
171 8717
86 10715
172 8683
89 10647
179 8519
103 10304
206 7891
157 9042
59 11332
119 9929
238 7123
220 7541
184 8391
113 10071
226 7405
196 8115
137 9510
18 12318
36 11875
72 11055
144 9343
33 11968
66 11183
133 9597
10 12495
21 12235
42 11742
85 10724
171 8693
86 10715
172 8676
88 10648
177 8560
99 10403
198 8068
141 9427
26 12118
52 11492
105 10246
210 7766
164 8868
73 10991
147 9261
39 11817
78 10898
157 9035
59 11340
119 9937
239 7105
223 7473
191 8226
126 9761
253 6779
250 6841
244 6980
232 7265
208 7816
160 8968
64 11224
129 9687
3 12651
6 12588
13 12420
26 12126
53 11482
107 10214
214 7681
173 8653
90 10591
180 8491
104 10296
209 7799
162 8904
68 11123
136 9528
17 12319
35 11918
71 11070
143 9368
31 12017
63 11265
126 9762
253 6771
251 6822
246 6948
237 7155
218 7591
180 8498
104 10295
209 7817
163 8900
71 11056
143 9369
31 12008
63 11249
126 9770
252 6798
248 6888
241 7055
227 7389
199 8057
143 9371
31 11993
63 11241
127 9728
255 6729
254 6746
253 6771
250 6853
244 6980
233 7247
211 7765
166 8818
76 10948
152 9151
48 11598
97 10447
194 8150
133 9593
11 12477
23 12193
46 11643
93 10539
187 8333
118 9946
237 7147
219 7565
183 8416
110 10148
220 7548
185 8376
114 10038
229 7330
203 7950
151 9179
47 11633
95 10488
191 8225
127 9754
255 6729
255 6729
255 6729
254 6746
252 6798
249 6863
242 7021
229 7339
202 7966
149 9227
42 11733
84 10748
169 8738
83 10773
166 8825
77 10906
155 9093
55 11433
110 10146
221 7515
187 8332
119 9937
239 7108
222 7498
188 8308
121 9879
242 7038
229 7332
202 7981
149 9211
42 11758
85 10724
170 8725
84 10764
168 8775
81 10823
163 8892
70 11081
140 9446
24 12151
48 11633
96 10472
193 8176
130 9670
5 12619
10 12501
21 12218
43 11717
87 10695
174 8633
93 10554
187 8333
119 9937
238 7115
220 7548
184 8392
112 10096
224 7456
193 8173
130 9663
5 12602
10 12510
21 12242
42 11741
84 10765
168 8768
81 10823
162 8904
69 11099
138 9463
20 12251
40 11801
81 10823
162 8908
69 11088
139 9475
23 12193
46 11645
92 10565
185 8374
115 10029
230 7308
205 7891
154 9093
53 11484
107 10213
214 7683
173 8667
90 10606
181 8467
107 10205
214 7682
172 8676
88 10648
176 8593
96 10472
193 8176
130 9670
5 12619
11 12477
23 12194
47 11605
95 10489
190 8258
125 9779
251 6822
246 6930
237 7147
218 7591
180 8498
104 10295
208 7835
160 8951
64 11238
129 9679
3 12659
7 12562
15 12377
31 12009
63 11250
127 9753
254 6746
253 6770
250 6841
244 6980
232 7265
209 7807
162 8911
68 11135
137 9504
18 12301
36 11882
73 11007
146 9279
36 11878
72 11030
144 9343
32 11976
65 11215
131 9652
7 12556
15 12369
31 12017
62 11283
124 9813
248 6903
241 7063
226 7398
197 8095
138 9478
20 12268
40 11808
81 10816
163 8893
70 11083
141 9411
27 12100
54 11483
108 10196
216 7648
177 8559
99 10404
199 8058
143 9369
30 12025
61 11290
123 9829
246 6931
236 7170
216 7648
176 8583
97 10447
194 8150
132 9618
8 12568
17 12328
35 11909
71 11058
142 9388
29 12042
58 11351
117 9979
234 7221
212 7748
168 8768
80 10856
160 8950
64 11225
128 9703
0 12717
0 12741
0 12734
1 12710
3 12643
7 12568
15 12377
30 12033
61 11291
123 9828
247 6914
238 7113
220 7540
184 8401
112 10088
224 7455
192 8208
128 9718
1 12733
2 12689
4 12644
8 12535
17 12319
35 11901
71 11049
143 9361
31 11990
63 11241
127 9745
254 6755
252 6798
249 6863
242 7021
229 7339
203 7957
151 9169
47 11624
95 10505
191 8232
126 9768
253 6772
250 6838
244 6981
232 7274
209 7799
162 8910
68 11133
137 9496
18 12318
36 11876
72 11041
144 9335
32 11984
65 11191
130 9671
5 12612
11 12468
22 12218
45 11666
91 10587
182 8435
109 10163
218 7598
180 8493
104 10281
209 7791
163 8899
71 11080
143 9365
30 12026
60 11324
120 9905
241 7047
227 7389
198 8066
140 9435
25 12146
50 11558
100 10364
201 7999
146 9282
36 11885
72 11041
145 9303
35 11902
71 11056
142 9395
29 12050
59 11348
119 9930
238 7128
220 7548
184 8410
113 10086
226 7406
196 8108
136 9512
17 12319
35 11924
71 11059
143 9368
31 12018
62 11276
125 9780
250 6838
245 6955
234 7221
212 7732
169 8743
82 10791
164 8868
72 11038
144 9353
32 11975
64 11225
128 9720
1 12694
2 12683
5 12604
11 12468
22 12218
45 11667
90 10613
180 8485
104 10280
208 7838
160 8960
65 11215
131 9652
7 12556
14 12411
28 12075
57 11383
114 10038
229 7339
202 7976
149 9219
42 11743
84 10748
168 8775
80 10838
161 8935
67 11136
135 9545
14 12393
29 12051
59 11333
118 9951
236 7178
217 7622
179 8525
102 10345
205 7898
154 9093
52 11491
104 10296
209 7799
163 8885
71 11058
143 9363
31 11993
63 11241
126 9771
252 6796
248 6888
241 7063
226 7398
196 8101
136 9536
16 12361
32 11968
65 11213
130 9661
4 12644
8 12535
17 12319
35 11901
71 11049
142 9388
28 12078
57 11407
115 10013
230 7313
204 7916
153 9119
51 11533
102 10330
204 7915
153 9136
50 11558
100 10396
201 7998
146 9294
37 11859
75 10973
150 9203
45 11668
91 10573
183 8425
111 10116
222 7490
189 8282
122 9846
245 6955
235 7197
214 7681
172 8675
88 10665
177 8550
98 10422
196 8108
136 9535
17 12327
35 11901
70 11075
140 9435
24 12184
49 11568
98 10408
196 8101
136 9528
17 12319
35 11901
70 11083
141 9411
27 12100
54 11483
109 10155
218 7596
180 8492
104 10288
209 7807
163 8886
71 11066
143 9368
30 12018
60 11316
120 9895
240 7073
225 7431
194 8168
133 9594
11 12476
23 12175
46 11683
92 10571
185 8375
114 10039
229 7328
203 7957
150 9185
45 11707
91 10603
182 8435
109 10163
218 7598
181 8468
106 10228
213 7707
170 8725
85 10724
170 8725
85 10737
171 8701
86 10698
173 8667
90 10613
181 8467
106 10223
213 7722
170 8725
85 10722
171 8711
86 10713
173 8642
90 10606
180 8493
104 10281
208 7833
160 8960
64 11231
129 9703
2 12681
4 12628
8 12553
17 12327
34 11926
68 11133
137 9496
18 12318
36 11876
73 11008
146 9286
36 11875
72 11024
145 9313
34 11925
68 11123
136 9536
17 12328
35 11909
71 11058
142 9388
29 12042
58 11351
117 9979
234 7221
212 7748
168 8768
80 10856
161 8953
67 11149
134 9568
13 12418
27 12092
54 11458
109 10155
219 7573
182 8443
109 10173
218 7598
180 8485
105 10271
211 7766
166 8810
76 10941
152 9153
48 11608
96 10473
192 8210
128 9728
1 12699
3 12682
6 12593
13 12411
27 12093
55 11426
111 10120
223 7490
191 8241
126 9771
252 6798
249 6863
242 7021
228 7365
200 8016
145 9304
35 11901
71 11056
143 9353
30 12010
60 11325
120 9888
241 7050
227 7391
199 8057
143 9353
31 12009
63 11250
127 9738
255 6729
255 6729
254 6748
252 6795
248 6888
240 7073
225 7431
194 8158
133 9595
11 12470
22 12218
45 11674
91 10588
182 8441
108 10195
217 7607
178 8526
100 10364
200 8016
144 9343
32 11976
64 11225
129 9695
2 12689
5 12603
10 12485
20 12268
41 11767
83 10772
167 8784
78 10890
157 9027
58 11358
117 9963
234 7215
213 7724
171 8693
87 10673
175 8616
94 10514
188 8308
121 9871
243 7005
231 7297
206 7891
157 9042
58 11374
116 10003
232 7270
209 7799
162 8904
68 11123
136 9528
17 12319
34 11928
68 11133
137 9510
18 12293
36 11893
72 11024
144 9335
33 11951
67 11149
134 9568
12 12461
24 12183
48 11608
96 10463
193 8174
130 9661
4 12644
9 12520
19 12316
39 11818
79 10864
158 9010
61 11283
122 9863
244 6981
232 7274
208 7823
161 8935
67 11136
135 9545
15 12394
31 11990
62 11268
125 9780
250 6853
245 6955
234 7214
213 7715
171 8708
86 10706
173 8653
90 10591
180 8491
104 10296
209 7799
163 8885
71 11058
142 9385
29 12050
59 11342
118 9948
237 7139
219 7581
183 8411
111 10137
223 7481
190 8258
124 9811
248 6905
240 7077
224 7448
193 8175
131 9646
7 12569
14 12408
28 12076
57 11383
115 10036
231 7288
207 7856
158 9001
60 11323
121 9879
242 7023
228 7366
201 7999
147 9262
38 11843
76 10938
152 9161
49 11568
98 10408
197 8091
139 9460
22 12193
45 11667
90 10613
180 8501
105 10246
210 7783
164 8868
73 11007
147 9269
39 11841
78 10891
156 9060
56 11408
113 10063
227 7381
199 8040
143 9365
31 12008
63 11249
126 9763
253 6772
250 6838
245 6955
235 7197
215 7657
174 8642
92 10563
184 8393
113 10056
226 7398
197 8098
139 9462
22 12211
44 11685
88 10663
177 8566
99 10388
199 8050
143 9362
30 12008
61 11282
122 9838
244 6981
232 7264
209 7807
163 8900
70 11082
140 9453
25 12166
50 11543
101 10347
203 7933
150 9195
44 11691
89 10622
178 8535
100 10381
201 7992
146 9288
36 11878
72 11033
144 9343
32 11976
65 11199
131 9645
6 12578
12 12453
24 12168
49 11568
98 10408
197 8091
139 9460
22 12193
44 11691
88 10664
176 8576
96 10480
193 8173
131 9661
7 12569
15 12377
30 12010
60 11315
121 9887
243 7013
231 7297
206 7873
157 9027
59 11333
119 9937
239 7106
222 7491
188 8300
121 9871
243 6999
231 7298
207 7858
158 9003
61 11323
122 9855
245 6954
234 7221
213 7722
170 8725
85 10723
170 8728
84 10763
169 8735
83 10773
166 8818
77 10914
155 9093
54 11468
109 10155
219 7573
182 8443
109 10173
219 7589
183 8417
111 10112
222 7490
188 8310
120 9903
240 7073
225 7425
194 8159
133 9611
10 12485
20 12260
41 11759
83 10773
166 8825
77 10906
154 9093
52 11491
105 10247
211 7765
166 8818
76 10931
152 9145
48 11608
97 10456
194 8150
132 9618
8 12535
17 12327
35 11908
70 11081
141 9411
26 12148
52 11492
104 10288
209 7807
163 8886
71 11066
142 9371
28 12083
57 11392
115 10014
230 7324
205 7900
154 9093
52 11492
105 10246
210 7766
165 8835
75 10972
150 9193
45 11667
91 10590
183 8409
110 10146
221 7515
186 8351
116 10028
233 7240
210 7782
164 8876
73 11015
146 9294
37 11867
75 10963
151 9187
46 11658
92 10563
184 8400
113 10063
226 7405
196 8115
137 9503
19 12325
39 11817
78 10883
157 9036
58 11350
116 10011
232 7273
208 7833
161 8919
67 11149
134 9568
12 12461
24 12183
49 11567
99 10397
198 8058
141 9404
26 12118
52 11508
104 10296
209 7799
162 8904
69 11099
139 9461
23 12192
47 11617
94 10513
189 8278
122 9855
245 6954
234 7221
213 7722
170 8725
84 10755
168 8768
80 10840
161 8919
67 11136
135 9545
14 12393
28 12078
57 11407
114 10038
229 7339
202 7966
149 9219
43 11716
87 10680
175 8617
95 10489
190 8250
124 9818
249 6863
242 7022
228 7380
201 7992
146 9302
36 11891
73 11005
147 9261
39 11810
79 10874
158 9010
61 11323
123 9828
247 6914
238 7113
220 7540
184 8401
112 10088
224 7455
193 8173
131 9644
7 12556
15 12369
31 12017
62 11283
125 9779
250 6854
244 6981
232 7271
208 7831
161 8936
66 11181
132 9620
9 12520
18 12318
37 11851
75 10973
150 9201
44 11693
89 10648
178 8533
101 10354
202 7966
149 9211
43 11716
86 10713
173 8651
90 10638
181 8467
107 10214
214 7681
172 8675
88 10665
177 8550
98 10422
197 8084
139 9461
22 12201
44 11715
88 10665
176 8583
97 10446
194 8165
132 9620
8 12568
16 12368
33 11958
66 11183
133 9594
11 12478
23 12192
46 11643
93 10539
186 8343
117 9963
235 7204
215 7673
175 8617
94 10523
189 8291
122 9848
244 6981
232 7270
209 7799
163 8885
71 11058
142 9385
28 12098
56 11421
112 10088
225 7422
194 8168
132 9620
9 12521
18 12295
37 11851
74 10981
148 9252
40 11801
81 10823
162 8908
69 11099
138 9463
21 12219
42 11735
84 10764
168 8775
80 10858
161 8935
66 11175
133 9611
10 12485
20 12268
40 11808
80 10848
160 8960
65 11190
131 9652
6 12594
13 12418
27 12101
55 11449
111 10104
223 7481
190 8258
125 9779
251 6822
247 6913
238 7115
221 7532
186 8341
116 10005
233 7240
210 7783
165 8827
74 10973
149 9225
43 11725
87 10689
175 8609
95 10496
191 8232
126 9768
252 6796
249 6863
242 7029
229 7339
202 7976
149 9219
43 11717
86 10706
173 8651
90 10614
180 8493
104 10280
209 7807
162 8910
68 11130
136 9535
16 12368
33 11968
67 11158
135 9561
15 12376
31 12017
62 11273
125 9787
251 6829
246 6930
236 7165
216 7632
176 8585
97 10440
195 8148
134 9571
13 12418
26 12118
52 11508
105 10247
211 7765
167 8785
79 10856
159 8994
62 11258
124 9805
249 6863
242 7022
228 7364
201 7992
146 9282
37 11858
75 10957
151 9185
