Hello World!
text: 0000000080000232, trojan data: 000000008002A000, spy data 000000008000A000
1000 points done
1000 points done
1000 points done
1000 points done
1000 points done
Done... printing results
195 103854
134 100953
12 99388
24 97712
49 98478
99 99191
199 101576
142 101160
29 99728
58 99349
117 99813
234 102844
213 102726
171 102058
87 100374
174 101323
93 100100
187 101538
119 100940
238 102918
220 102868
184 102334
113 100902
227 102404
199 102208
143 100914
30 99642
60 99320
121 100094
243 102794
231 102684
207 102328
158 101859
61 100133
122 100839
244 102686
232 103278
209 102882
163 101839
71 99962
142 101172
29 99142
58 98586
117 99990
235 102454
214 102654
173 101854
90 100815
180 101166
105 101220
211 102284
167 101458
79 100417
159 101024
63 100077
126 100321
252 103178
249 103426
243 102774
231 102540
206 102415
157 101368
58 100272
117 100242
235 102568
214 102934
172 101888
88 100630
177 101699
98 100357
196 102306
136 101547
17 98700
35 98754
71 98882
142 100804
29 99373
59 99004
119 100126
239 102277
223 102718
190 102077
124 101119
248 102968
241 103048
227 102926
198 102230
141 101570
27 100150
55 98732
110 99794
220 102579
184 102408
113 100774
226 102488
197 102150
139 101466
22 99721
44 98003
89 99614
179 101248
103 101113
207 102078
158 101294
60 100360
121 99824
243 102978
231 102814
207 102367
158 101501
61 100245
123 100074
247 102412
238 102808
221 102834
186 102194
116 100838
232 102411
209 102124
162 101478
68 100378
136 100932
17 99355
34 98976
68 98920
137 100452
19 99142
38 98219
77 98989
154 100864
52 99984
105 99397
211 102178
166 102008
77 99826
155 101419
55 99264
111 99801
223 102284
191 102581
126 101019
253 102948
250 103306
244 103272
232 103058
208 102634
161 101948
66 100470
132 100370
8 99342
16 98335
32 98403
64 98902
129 99886
3 98436
6 97636
12 97343
24 98211
48 98562
97 99424
195 101358
135 101600
14 98826
29 98474
58 98842
117 99782
234 102487
212 102458
168 101628
81 100390
162 100634
68 100464
136 100502
17 99142
35 98520
71 98070
143 100630
30 100142
60 99031
120 99505
240 102937
225 102804
194 102364
132 101011
8 99553
16 97979
33 98024
66 98935
133 100214
11 99480
22 98070
45 98572
90 99034
180 101047
104 101014
208 102098
161 101468
67 100187
135 100262
14 99700
29 97571
58 99110
117 100269
234 102644
213 102428
170 102089
84 100362
169 101120
83 100102
166 101375
76 100770
153 101414
51 100112
102 100030
205 101600
155 101728
54 99930
109 100280
219 102164
183 102134
110 100852
220 102134
185 101924
114 101220
228 102568
200 102437
145 101680
35 99771
71 99510
142 100791
29 99236
59 97981
119 100213
239 102691
222 102584
189 102329
123 100646
247 102888
238 102622
221 102518
187 102007
119 100522
238 102717
220 102734
184 101980
112 101129
225 102486
194 102464
132 101713
8 99602
16 98730
33 97510
66 98326
132 99972
8 99660
17 98012
35 98625
71 98929
142 100004
29 99323
58 99189
116 100669
232 102704
208 102430
161 101687
66 99602
133 100099
10 98934
21 97714
42 98660
85 99620
170 101179
84 100801
168 101760
80 100520
160 101260
64 100005
129 100604
3 98921
7 97646
14 97882
28 97806
56 98543
113 99785
227 102312
198 102008
140 101858
25 99561
51 98547
103 99658
207 102119
159 101708
63 100128
126 100500
253 103067
251 103222
247 103198
238 102901
220 102957
185 102312
115 100704
231 102688
207 102320
158 101880
61 100120
122 100543
244 102540
232 102564
208 101917
160 102068
64 100678
128 100530
1 99300
2 98218
4 97497
9 97278
19 97738
39 98634
79 99420
159 100784
63 99422
126 99970
253 102585
251 103244
246 103008
237 102895
219 102664
183 102230
111 101389
222 102222
189 102198
122 101398
244 102682
233 102802
211 102514
166 102038
76 100114
153 100969
50 99690
100 99531
201 101894
146 101408
36 99541
72 99638
144 100469
33 99222
67 99495
134 100200
13 99704
27 98546
54 98569
108 100332
216 102164
176 101648
97 101042
195 101891
135 101230
15 99152
31 98374
62 99342
124 99862
248 102912
240 102988
224 102175
192 101754
129 101339
2 99011
4 97556
9 98088
18 97380
36 97676
73 99468
146 100397
37 99914
75 98682
150 100792
44 99498
88 99369
176 101354
97 100376
195 102030
135 100966
14 98802
29 98872
59 98694
118 100494
236 102234
216 102790
177 101628
98 101271
197 101632
139 101158
22 99414
44 99111
88 99764
177 101418
98 100232
196 101327
136 101092
16 99620
33 98344
66 98978
132 100095
8 98744
16 98410
32 98602
64 98946
128 100690
0 99182
0 97290
1 97152
2 96743
5 97210
11 97135
22 97579
44 98955
89 99096
178 101310
101 100720
203 102178
151 101718
46 99990
93 99644
186 101957
117 100789
235 103020
214 102527
172 102108
88 101128
176 101249
96 100999
192 102080
128 100638
0 99501
1 97334
2 97526
5 96922
11 97862
23 97620
46 97936
92 99309
185 101424
115 100854
230 102416
205 102187
154 101474
52 99790
105 99595
210 102225
165 101469
74 100272
148 100823
41 99192
83 99202
167 100968
78 100345
157 101181
58 99658
116 100104
233 102374
210 102671
165 102162
75 100636
151 100461
47 99838
94 99906
189 101428
123 101021
247 102398
238 103144
220 103050
185 102154
115 101244
231 102798
206 102322
156 101556
56 100080
112 99771
225 102570
194 102088
133 101116
11 98561
22 97883
44 98773
88 99071
176 101844
96 100250
192 101744
128 101082
1 99079
2 97759
4 96981
8 97280
16 97995
32 97694
64 98644
129 100829
3 99390
7 98630
15 97490
30 97688
61 98470
122 99922
245 102775
234 103044
212 102480
168 101653
80 100682
160 100494
64 99852
129 100761
2 99120
4 97908
9 97802
19 97696
38 98079
77 99510
155 100882
55 99793
111 100304
223 102247
190 101991
125 100710
250 103036
245 103174
234 102903
213 102476
171 101834
87 101069
175 101351
95 100449
191 101574
127 100938
255 103298
254 103194
253 103297
250 103328
245 102978
234 103058
212 102662
169 101988
82 100241
165 101294
75 100369
151 100668
47 100036
94 99450
189 101830
123 101616
246 102698
237 103088
219 102687
182 102348
108 100534
216 102634
177 102028
98 100840
196 101964
137 101040
19 99432
39 98386
79 98870
158 101054
60 100092
120 100671
240 103078
225 102770
195 102514
134 101190
13 99482
26 98547
53 98892
107 100277
215 101934
175 101909
95 100724
191 101714
126 101095
253 103247
250 103358
245 103143
234 102768
213 102598
171 101490
86 100760
173 100890
91 100676
183 101422
111 100968
223 102109
191 101780
126 100760
252 103038
248 103102
241 103034
226 102665
196 102321
137 101569
19 99460
39 98574
79 99342
159 101098
63 99969
127 99549
254 103248
253 103270
250 103230
245 103359
235 103129
215 102669
174 101476
92 100529
184 101264
112 101350
225 102430
194 102089
132 100930
9 99384
18 98181
37 97374
75 98788
150 100078
45 99644
90 100014
180 101278
105 100766
210 101808
164 101758
72 100272
144 100700
32 99565
64 98966
129 100502
2 98634
4 97084
9 97408
18 97470
36 97876
72 98932
144 100125
33 99826
67 98903
135 100542
14 99254
28 98180
56 98825
113 99620
226 101728
197 101908
138 101450
21 99742
42 98998
84 99818
168 101014
80 100884
160 101088
64 100131
128 100356
0 98866
0 97468
0 97738
0 97359
1 97489
2 97270
5 97404
11 97552
22 98281
44 98475
89 99410
179 101463
103 100550
206 101853
157 101550
58 100200
116 100431
232 102651
208 102427
160 101448
65 100831
131 100104
7 98723
14 98176
28 97042
56 98542
113 99408
227 102354
199 102127
143 101422
30 99120
61 99289
122 99764
244 102519
233 102600
211 102078
166 101368
77 100113
154 100302
52 99478
104 99983
208 101879
160 101924
64 99512
128 100388
0 99172
1 98202
3 97644
7 97215
15 97858
31 98610
63 98969
127 100228
254 103142
252 102867
248 103046
241 103203
226 102958
196 101892
136 101232
17 99600
34 97846
69 99056
138 100686
21 99491
43 98374
87 99304
175 101420
95 100390
190 101453
124 101740
249 103007
242 102798
228 103087
201 102530
147 101524
38 100400
77 99182
155 100957
55 100030
111 99994
223 102331
190 102147
124 101061
248 103152
240 103108
225 102678
194 102183
133 101429
10 99950
20 98314
40 98532
81 99075
162 100727
68 99875
136 100510
16 98855
32 98189
65 98966
131 100313
6 98830
12 98036
25 97931
51 98693
102 99570
205 102214
154 101350
52 99858
105 99910
210 102211
165 101134
74 99890
148 100448
41 99399
82 99843
165 101148
75 99880
150 100524
44 99732
88 99674
176 101374
97 100407
195 101370
134 101716
13 99606
26 97823
53 98554
106 99874
213 102203
171 101278
86 100504
172 101598
89 100452
179 101198
103 100801
206 101594
157 101285
59 99769
119 100061
238 102730
220 102614
184 102126
113 101388
226 102452
196 102206
137 101361
18 99561
36 99342
72 99139
144 100550
33 99586
66 98948
133 100175
10 99152
21 98126
42 98128
85 99550
171 100818
86 100242
172 101326
88 100514
177 101529
99 100478
198 101424
141 100608
26 99684
52 99048
105 99594
210 102384
164 101718
73 99851
147 100572
39 100076
78 98795
157 101118
59 99610
119 100374
239 102429
223 102648
191 102238
126 100930
253 102644
250 103276
244 103176
232 102801
208 102458
160 101504
64 100408
129 100429
3 99192
6 98051
13 98038
26 97862
53 98429
107 98932
214 102307
173 101628
90 100230
180 101399
104 99590
209 102258
162 102248
68 100540
136 100440
17 99649
35 98531
71 99546
143 100121
31 99904
63 98828
126 100299
253 102930
251 103247
246 103129
237 102636
218 102414
180 101910
104 101439
209 102187
163 101793
71 100289
143 100277
31 99331
63 97631
126 100318
252 102808
248 103401
241 103037
227 103000
199 102033
143 101092
31 99574
63 98442
127 100440
255 103059
254 102977
253 103218
250 103270
244 103362
233 102724
211 102544
166 101527
76 100310
152 100898
48 99912
97 99318
194 101704
133 101595
11 98729
23 98014
46 98318
93 99260
187 101473
118 101495
237 102924
219 102436
183 102122
110 101194
220 102817
185 102108
114 101119
229 102284
203 102061
151 101646
47 99240
95 99970
191 101816
127 101012
255 103158
255 103067
255 103364
254 103348
252 103317
249 103128
242 103238
229 102797
202 102324
149 101840
42 99776
84 99138
169 101358
83 100330
166 101088
77 100404
155 101414
55 99948
110 99852
221 102518
187 101805
119 100519
239 102919
222 102761
188 102007
121 100974
242 102638
229 103044
202 102258
149 101188
42 99530
85 99613
170 101107
84 100079
168 101464
81 100083
163 100788
70 100211
140 100844
24 99965
48 98261
96 99261
193 101378
130 101170
5 99510
10 97615
21 98004
43 98000
87 99284
174 101328
93 100860
187 101760
119 100910
238 102568
220 102648
184 101816
112 100582
224 102499
193 102318
130 100941
5 98974
10 98520
21 97786
42 99102
84 99005
168 100778
81 100678
162 101148
69 99951
138 100888
20 99494
40 99084
81 99058
162 101176
69 100460
139 100268
23 98844
46 97985
92 99730
185 101132
115 101249
230 102481
205 102130
154 101608
53 100421
107 100494
214 102240
173 101691
90 100522
181 101417
107 100790
214 102104
172 101899
88 100435
176 101234
96 100630
193 101632
130 101349
5 99268
11 98061
23 97455
47 98292
95 99564
190 101558
125 101200
251 103177
246 103270
237 102914
218 102508
180 101908
104 100393
208 102102
160 101384
64 99982
129 99642
3 99532
7 97034
15 97241
31 98270
63 98901
127 100179
254 103169
253 103448
250 103275
244 102921
232 102864
209 102339
162 101744
68 100525
137 100530
18 99434
36 98630
73 99700
146 101007
36 99753
72 99088
144 100611
32 99704
65 98878
131 100092
7 98860
15 98375
31 98071
62 98362
124 100132
248 102878
241 102809
226 102828
197 102085
138 101472
20 99230
40 99174
81 99092
163 101300
70 99824
141 100040
27 99838
54 98482
108 100125
216 102020
177 102154
99 100478
199 101839
143 101523
30 99577
61 99281
123 99900
246 102790
236 102972
216 102817
176 101498
97 100929
194 101424
132 100782
8 99470
17 98150
35 98640
71 99556
142 100540
29 99951
58 99750
117 100378
234 102708
212 102728
168 102174
80 99945
160 100514
64 100013
128 100743
0 98821
0 98387
0 97506
1 96980
3 97299
7 98162
15 97684
30 98024
61 99032
123 101166
247 103057
238 102824
220 102784
184 101792
112 101236
224 102651
192 101872
128 100908
1 99076
2 97013
4 98099
8 97552
17 97676
35 97166
71 99052
143 100764
31 98422
63 98602
127 100354
254 103094
252 103040
249 103198
242 103188
229 102862
203 102221
151 102001
47 100234
95 99490
191 101444
126 101491
253 103041
250 103202
244 103014
232 102767
209 102404
162 101574
68 100679
137 101104
18 99904
36 98315
72 99370
144 100546
32 99391
65 98605
130 99944
5 99312
11 97650
22 98842
45 98784
91 99061
182 101508
109 100954
218 102584
180 102114
104 101369
209 102254
163 101018
71 100316
143 101143
30 99732
60 98698
120 99992
241 102934
227 102844
198 102352
140 101431
25 99380
50 98632
100 99668
201 101878
146 101324
36 99159
72 99047
145 100762
35 100129
71 99509
142 101344
29 98762
59 99122
119 100110
238 102791
220 103038
184 102158
113 100810
226 102459
196 102144
136 101532
17 99061
35 98762
71 98942
143 100328
31 99333
62 99350
125 99890
250 102934
245 103086
234 103060
212 102624
169 101517
82 99018
164 100924
72 100365
144 100594
32 98970
64 99133
128 99750
1 99007
2 97934
5 96940
11 97136
22 97750
45 98449
90 99371
180 101348
104 100590
208 101872
160 101388
65 100212
131 100401
7 99149
14 98062
28 98640
57 98751
114 99576
229 102212
202 102358
149 102220
42 100000
84 99886
168 101192
80 100220
161 100858
67 100280
135 100536
14 99654
29 97970
59 98462
118 99380
236 102889
217 102664
179 101858
102 100675
205 102240
154 101104
52 99883
104 99912
209 102074
163 101678
71 100360
143 100114
31 99924
63 98436
126 99750
252 102824
248 102913
241 102790
226 102409
196 102145
136 101570
16 99150
32 98380
65 98532
130 100662
4 99169
8 97579
17 97502
35 98079
71 98520
142 100664
28 99220
57 98568
115 99981
230 102630
204 102454
153 101478
51 99960
102 99950
204 101940
153 101305
50 100379
100 99217
201 101948
146 101664
37 99688
75 99457
150 100469
45 100222
91 99956
183 101271
111 100610
222 102088
189 101829
122 101052
245 103050
235 102780
214 102412
172 101595
88 100452
177 100765
98 100208
196 101698
136 100960
17 99039
35 98670
70 99073
140 100238
24 99224
49 98793
98 99594
196 101951
136 101176
17 99482
35 98512
70 99182
141 100493
27 99622
54 98268
109 99708
218 102334
180 101981
104 100486
209 101968
163 101778
71 100506
143 100782
30 99282
60 99405
120 99814
240 102862
225 103036
194 102294
133 101157
11 99615
23 96643
46 98024
92 99304
185 101550
114 101072
229 102614
203 102494
150 102087
45 99930
91 99903
182 101258
109 100759
218 101748
181 102259
106 100781
213 101858
170 101848
85 100860
170 101384
85 100741
171 101594
86 100658
173 100874
90 100558
181 101324
106 101073
213 101979
170 101694
85 101037
171 100908
86 100052
173 101504
90 99885
180 100898
104 100579
208 101678
160 101612
64 100614
129 100692
2 99012
4 97512
8 97514
17 97580
34 98236
68 98600
137 100654
18 99407
36 98080
73 99202
146 100784
36 99753
72 99439
145 99774
34 99027
68 99610
136 100024
17 98818
35 98240
71 98972
142 100902
29 100143
58 99160
117 100200
234 102458
212 102594
168 101612
80 100960
161 101570
67 100402
134 101070
13 99204
27 98421
54 98519
109 99770
219 102326
182 102360
109 100268
218 102413
180 102048
105 101034
211 101903
166 101611
76 100404
152 100798
48 99700
96 99780
192 101924
128 100981
1 99448
3 97807
6 97692
13 97589
27 98091
55 98190
111 100210
223 102569
191 102228
126 101258
252 102817
249 103120
242 103184
228 102947
200 102288
145 101444
35 99535
71 99390
143 100620
30 99587
60 98326
120 100130
241 102934
227 102658
199 102331
143 101270
31 99472
63 99152
127 99842
255 102802
255 103264
254 103334
252 102788
248 103236
240 103221
225 102625
194 101858
133 100990
11 99160
22 97882
45 98434
91 99518
182 101029
108 101359
217 102268
178 102029
100 100840
200 101707
144 101204
32 99932
64 98872
129 100203
2 98922
5 97999
10 96910
20 97006
41 98744
83 99221
167 101274
78 99600
157 100812
58 100151
117 99798
234 102494
213 102584
171 101958
87 100450
175 101029
94 100411
188 101778
121 100773
243 102684
231 102689
206 102636
157 101964
58 99872
116 100602
232 102747
209 102250
162 101561
68 100612
136 100432
17 99860
34 99238
68 98420
137 100846
18 99381
36 98261
72 99335
144 100114
33 99500
67 98820
134 100816
12 99464
24 97849
48 98942
96 99815
193 101354
130 100870
4 99236
9 97963
19 97060
39 98306
79 98530
158 100884
61 99629
122 99750
244 102698
232 102564
208 102348
161 101726
67 100208
135 100424
15 99062
31 98386
62 99084
125 100024
250 103108
245 103034
234 103028
213 102594
171 101751
86 100526
173 100797
90 100000
180 101340
104 100213
209 101805
163 101765
71 99932
142 100767
29 99674
59 98969
118 99844
237 102588
219 102890
183 102308
111 100780
223 102391
190 102006
124 101119
248 103078
240 103150
224 102739
193 102114
131 100983
7 99078
14 97999
28 98489
57 98300
115 100264
231 102092
207 102534
158 101474
60 100349
121 100343
242 102476
228 102978
201 102522
147 101424
38 99486
76 98861
152 101264
49 100050
98 99728
197 101708
139 101348
22 98932
45 98664
90 99460
180 101337
105 100902
210 101614
164 101713
73 100262
147 100348
39 100154
78 99264
156 100938
56 99835
113 99917
227 102209
199 102288
143 101740
31 99902
63 99079
126 100391
253 102938
250 103098
245 103360
235 102820
215 102415
174 101600
92 100294
184 101734
113 101155
226 102264
197 102659
139 101480
22 99750
44 98344
88 99123
177 101402
99 100360
199 101944
143 101700
30 98890
61 99514
122 100446
244 102624
232 102618
209 102138
163 101884
70 100152
140 100778
25 99490
50 98944
101 99798
203 101741
150 101220
44 99817
89 99330
178 101048
100 101084
201 102363
146 101307
36 99656
72 98929
144 101244
32 98904
65 99145
131 99998
6 99135
12 98250
24 98214
49 98509
98 99574
197 101559
139 101558
22 99426
44 98740
88 98903
176 101638
96 100660
193 102127
131 101350
7 99051
15 97997
30 98521
60 98235
121 99850
243 102534
231 102876
206 102547
157 101578
59 99910
119 99680
239 102855
222 102794
188 102128
121 101040
243 102748
231 103168
207 102585
158 101654
61 99380
122 100029
245 102677
234 102690
213 102580
170 101894
85 100468
170 101830
84 100769
169 101577
83 100398
166 101309
77 99630
155 100505
54 99349
109 99916
219 102024
182 101364
109 100715
219 102477
183 102260
111 100903
222 102094
188 102440
120 100894
240 102628
225 102760
194 102190
133 101100
10 99964
20 98058
41 98279
83 99006
166 101299
77 100236
154 100904
52 99832
105 99374
211 102058
166 101924
76 100185
152 100549
48 100264
97 99631
194 101930
132 100941
8 99289
17 97756
35 98679
70 99273
141 100254
26 99362
52 98920
104 99932
209 101988
163 101978
71 99659
142 100688
28 99314
57 98905
115 100806
230 102976
205 102204
154 100750
52 99930
105 99994
210 101780
165 102110
75 99916
150 101093
45 99453
91 99304
183 101764
110 100643
221 102210
186 102269
116 101202
233 102686
210 102448
164 101538
73 100480
146 100657
37 99504
75 99187
151 100854
46 100275
92 99688
184 101697
113 100792
226 102595
196 102470
137 101714
19 99215
39 98720
78 99687
157 100979
58 100690
116 100405
232 102514
208 102264
161 102058
67 101053
134 99980
12 99382
24 97945
49 98554
99 99781
198 101322
141 101140
26 98822
52 98127
104 100324
209 102173
162 101924
69 100659
139 100871
23 99300
47 98156
94 99858
189 102018
122 101144
245 102578
234 102845
213 102408
170 101814
84 100800
168 101158
80 100037
161 100680
67 100490
135 101001
14 99965
28 98409
57 98922
114 99590
229 102544
202 102530
149 101596
43 100304
87 99570
175 101501
95 100574
190 101481
124 101345
249 102895
242 102308
228 102484
201 102514
146 101708
36 99590
73 99339
147 100654
39 99638
79 99900
158 100934
61 99982
123 100495
247 102808
238 103030
220 102922
184 101960
112 101386
224 102031
193 102150
131 100932
7 98539
15 98085
31 97573
62 98707
125 100814
250 103020
244 102865
232 102968
208 102811
161 101358
66 100442
132 100643
9 99172
18 97915
37 98555
75 99380
150 100798
44 99953
89 100200
178 101438
101 100320
202 101172
149 101318
43 100335
86 99680
173 100986
90 99822
181 101568
107 100674
214 102128
172 101794
88 100400
177 100571
98 100816
197 101993
139 101078
22 99989
44 98190
88 99399
176 101249
97 100900
194 101636
132 101319
8 99137
16 98084
33 98136
66 97907
133 100125
11 98614
23 97554
46 97613
93 99914
186 101594
117 100952
235 103094
215 102641
175 101550
94 100292
189 101158
122 101405
244 102708
232 103254
209 102629
163 101667
71 100198
142 100280
28 99366
56 98562
112 100182
225 102318
194 102294
132 100409
9 99514
18 98520
37 98260
74 99374
148 100179
40 99784
81 99883
162 100769
69 100394
138 100538
21 98759
42 98706
84 99597
168 101118
80 99931
161 100940
66 99699
133 99892
10 98765
20 97990
40 97416
80 99365
160 100592
65 99899
131 100490
6 99206
13 97710
27 97615
55 97929
111 100130
223 102530
190 102124
125 101320
251 103117
247 103144
238 102984
221 102834
186 102254
116 101043
233 102544
210 102491
165 101874
74 100078
149 100944
43 99092
87 99066
175 101348
95 100194
191 101428
126 100539
252 103125
249 103108
242 103060
229 102840
202 102434
149 101572
43 100080
86 99312
173 101189
90 100484
180 101468
104 100948
209 102015
162 101633
68 100470
136 100598
16 99109
33 98304
67 99230
135 100149
15 99688
31 98103
62 98894
125 99792
251 103177
246 103217
236 103140
216 102988
176 101563
97 100794
195 102010
134 101318
13 99414
26 98262
52 98606
105 100252
211 102110
167 101818
79 99800
159 101270
62 99724
124 100300
249 102824
242 102924
228 102564
201 101982
146 101503
37 100142
75 99172
151 100680
47 99949
94 99634
189 101620
122 100854
244 102868
233 103046
210 102464
164 102022
73 100451
146 100592
36 99792
72 99099
145 100784
35 99242
70 99600
141 100732
27 99150
54 98832
108 99393
216 102513
176 101550
96 100747
193 101749
131 101220
6 99186
13 96932
27 98099
54 98640
109 99666
218 102668
181 101802
106 100318
212 102258
168 101968
80 99928
161 100802
67 99434
134 100391
12 98976
24 98044
49 98406
99 99920
198 101234
141 101069
27 99469
54 98589
109 100470
219 101948
182 102048
109 101270
218 102080
181 101481
106 101324
213 102354
170 102120
84 99844
168 101018
80 100350
160 101074
64 99930
129 100750
3 98208
6 97563
12 97132
24 98259
49 98612
98 100051
196 101582
136 101160
17 100516
35 98598
71 99093
143 100577
30 99617
61 98682
123 100112
247 103048
238 103115
220 102438
185 102305
115 100739
231 102246
207 102729
158 101690
61 100874
122 99933
245 102684
234 103198
213 102744
171 101862
86 100650
172 101146
88 100342
176 101064
97 100552
195 101827
135 100992
14 99123
28 97974
56 98836
112 100328
224 102501
192 102133
128 100978
0 99054
0 97268
0 97783
1 96980
3 97941
6 98066
12 97280
24 97351
49 99036
98 99764
196 101679
136 100893
16 99390
33 98002
67 99296
134 100472
12 98742
25 97862
51 98686
102 99289
205 101550
155 101754
55 100094
111 99443
223 102622
191 102088
127 100541
254 103207
253 103161
251 103428
247 102834
238 103137
221 102604
187 102029
118 100763
237 102898
219 102746
182 101674
109 100734
218 102478
181 102198
107 101053
215 102462
175 102101
95 100847
190 101534
125 101416
250 102980
244 103116
233 102592
211 102480
167 102014
78 100634
156 100482
56 100428
112 99645
225 102298
195 101988
134 101358
13 99531
27 98014
55 98474
110 99780
220 102111
184 101578
112 101080
225 102270
194 102328
133 101527
11 99194
23 98196
47 98781
94 99303
189 101440
122 100824
244 102658
233 102680
211 102711
166 101706
76 100625
152 101488
48 99917
96 99927
192 102038
128 101460
0 99175
0 98367
0 97031
0 98212
1 97871
2 97435
5 97801
11 97808
22 97722
45 97934
90 99470
181 101883
107 100609
214 101684
172 101488
89 100300
178 101522
100 100390
201 102000
147 101475
39 100046
78 99618
157 101060
58 99939
116 100411
232 102572
209 102390
163 101890
71 100130
143 101219
30 99541
60 99451
120 99804
241 102844
226 102914
197 102179
138 101278
20 99281
41 99128
82 98954
164 101298
72 100634
145 100988
34 99780
69 99188
139 100290
22 99151
44 98268
89 100375
178 101548
101 100857
203 101982
151 101392
46 99241
92 99262
185 101523
115 100394
231 102532
207 102234
159 100958
62 100158
124 100984
248 102868
240 102948
225 102688
194 102061
132 101082
8 99127
16 98010
32 98522
64 98886
128 100281
1 98430
2 97439
5 97629
11 96909
23 97706
46 97696
92 99533
185 101219
115 100524
231 102644
207 102658
159 101740
63 100464
126 100203
252 103069
249 103078
242 102986
228 102733
201 102800
146 101620
37 99730
75 99142
151 100837
46 99239
93 99454
186 101557
116 100634
232 102368
208 102654
161 101738
66 100072
132 99960
8 99432
17 97714
35 98091
71 99125
143 100326
31 99933
62 98980
124 100352
248 102648
241 102731
227 102690
198 102138
141 101554
27 100039
55 98654
111 99791
222 102748
189 102038
122 101390
244 102868
233 103324
210 102317
164 102035
73 100090
147 100488
39 99732
79 99256
159 100893
62 99458
124 100545
248 102874
241 103191
226 103324
196 102104
136 101082
16 99813
32 98031
64 99041
128 100654
1 98520
3 96996
7 97183
14 97988
29 98314
58 98474
117 100140
235 102589
214 102715
172 101345
88 100414
176 101528
96 100214
193 101444
130 100971
5 99090
10 97850
20 97742
41 99074
82 99382
164 101484
72 100140
145 100742
34 98889
69 100011
139 99822
23 99570
46 98612
92 99560
185 101234
115 100941
230 102669
204 102171
153 101664
50 100258
100 99982
201 101588
146 101176
36 99810
73 99422
146 100864
37 99850
75 99181
150 100820
44 99848
89 99649
178 101917
101 100859
202 102208
149 101548
42 99532
84 99391
169 100904
83 100381
167 100799
79 99317
159 100453
63 100096
126 100010
253 102868
251 103223
246 102870
236 103062
217 102727
178 101874
100 100645
200 101791
145 101074
34 99237
68 98820
136 100161
16 98729
32 98565
65 98873
131 100159
7 98198
15 96991
30 98690
60 98062
120 100042
240 102760
224 102860
193 102394
131 101340
7 99420
14 98059
28 98044
57 98995
114 99587
229 102801
203 102088
151 100984
47 99799
94 99464
189 101734
123 101134
247 102880
239 102888
223 102935
191 102228
126 101220
253 102647
251 102532
246 102764
236 103088
216 103225
176 101794
97 100953
194 101730
132 100459
8 98902
17 98092
34 98062
68 99142
136 99508
17 99110
35 98597
71 99460
143 100708
30 98840
60 98174
120 100093
241 102810
227 103074
198 101797
141 100730
26 99894
52 98672
105 99379
211 102314
167 102184
79 100429
158 100701
61 99651
122 100048
245 103100
235 103213
215 102504
175 102026
94 100579
188 101210
120 101426
240 102486
225 102966
194 102194
132 101735
8 99598
16 98525
33 97870
66 99248
133 99992
10 98910
20 98250
41 98586
82 98484
165 100540
75 100016
150 100338
44 100255
89 99994
179 101257
103 100700
207 102153
159 101808
62 100344
125 100176
251 102969
247 102925
239 103186
223 101994
190 102051
125 100814
250 103209
245 103227
235 102934
214 102619
173 101948
90 100160
180 101474
104 100200
209 102299
162 101979
69 99500
138 100394
20 99312
40 97798
80 99334
160 100834
64 99977
129 99914
2 98522
5 97830
10 97534
21 97599
42 98751
85 98944
170 101411
84 100108
168 101598
81 100581
162 101318
68 99859
137 100699
18 98902
36 98137
73 98911
146 100500
37 99834
74 99154
149 100124
43 100029
87 98892
175 100744
95 100134
191 101608
127 101316
254 102943
252 103428
248 102778
240 103210
224 102688
192 102524
128 101358
1 99391
2 97591
4 97584
8 97908
16 97299
32 98259
65 99010
131 100690
6 98834
12 97997
25 97747
51 98027
103 99162
207 102007
158 101468
61 100540
122 100780
245 102879
234 103188
212 102391
169 101774
82 100652
165 101754
74 100345
148 100820
40 100280
80 98900
160 100262
65 99858
130 100026
5 99253
11 97413
22 97856
44 97818
89 99361
178 101498
101 100710
202 101698
148 101264
40 99818
80 99641
160 101198
64 100950
129 100152
3 98950
7 97980
14 97321
28 98156
56 98351
113 99278
226 102468
197 102038
139 100872
23 99234
47 98106
94 99384
188 101590
120 100761
241 102597
227 103052
199 101980
142 101574
28 99278
57 99351
115 100206
231 102405
206 102163
156 101668
57 99950
115 100015
230 102570
204 102232
152 101419
49 100200
98 99430
197 101838
139 101052
23 99172
46 98976
93 99640
186 101128
117 100864
234 102368
212 102698
169 101574
83 100080
166 101194
76 101016
152 101012
48 100182
96 99219
192 101488
129 101160
3 99096
6 97564
13 97939
26 98348
53 98299
106 99700
212 102022
169 101654
83 100176
166 101233
76 100334
152 100848
49 98869
98 99879
197 101638
138 100820
20 98884
40 98840
81 99710
163 100680
71 100138
143 100366
31 99588
63 98930
126 100360
253 103108
250 102974
245 102998
235 103056
215 102357
175 101888
95 100560
191 101844
126 100544
253 103005
251 103069
246 103037
237 102881
219 102719
183 101909
110 101045
220 102331
185 102084
114 101060
229 102194
202 102307
148 101658
41 100440
83 99352
167 100994
78 100739
157 101879
59 100233
118 99960
237 102539
218 102666
180 102198
104 101001
208 101854
160 101870
64 99746
128 100589
1 98933
2 97094
5 97190
11 96984
22 97931
44 97720
88 98298
176 101644
96 100959
192 102098
128 101280
1 98951
3 97080
6 97927
13 97463
27 98604
54 98748
108 99470
217 102061
178 101824
101 100964
202 101790
149 101915
43 100204
86 99226
172 101068
88 100771
176 101198
96 100230
192 102094
128 101370
0 99044
1 98360
2 97384
5 97631
10 97470
20 97880
41 97963
83 99514
166 101174
76 100254
152 101168
49 99562
98 99370
197 101215
138 101430
20 98825
41 97684
83 99118
166 101311
76 99645
152 100283
49 99504
99 99326
198 101504
140 101577
25 99508
51 98794
102 99415
204 101828
153 101538
51 99852
102 100536
205 101788
155 101554
54 100384
109 100539
219 102318
182 102278
109 101295
219 102280
182 102116
109 101044
219 102508
182 102048
108 100800
217 102690
179 101628
103 101028
206 101776
156 101768
56 100259
113 100324
226 102589
196 101294
136 101102
17 99449
35 98434
70 99048
141 101199
27 99249
55 98952
110 99699
220 102418
185 101937
115 101064
231 102236
206 102136
157 101459
59 100151
119 99926
239 102744
223 102587
190 102688
125 101544
250 102948
245 102937
235 103136
214 102918
173 101467
90 100770
180 101708
105 100796
210 101988
164 101829
72 100560
145 101174
34 98907
69 99272
138 100440
20 99199
40 99160
80 98474
160 101128
65 100306
131 100482
6 99072
12 98482
24 98174
49 98889
98 99631
197 101204
138 101081
20 99108
40 98538
80 99076
161 100378
67 100206
134 100519
12 98964
25 98882
50 98596
101 100460
203 101755
151 101524
46 100044
92 99306
185 101680
114 101139
229 102988
202 102501
148 101550
40 100020
81 98800
163 101154
70 99976
140 100486
25 100034
50 98455
100 99995
200 101688
145 101524
34 99264
68 98694
137 100974
18 99603
36 98542
72 99157
145 100898
35 99720
70 99494
140 99648
25 99469
51 98559
103 99910
206 102318
157 101588
59 100472
118 99920
237 102648
219 102885
183 101824
110 101320
220 102624
184 101707
113 100872
227 102608
198 102190
141 101120
26 100201
52 98367
105 99404
211 101690
167 101934
79 100379
159 101314
62 100749
125 100292
250 102998
244 102776
233 102914
211 102719
167 101948
79 100771
159 101164
63 100000
127 100394
255 103108
254 103014
252 103376
249 103253
242 102789
228 103186
200 102474
145 101654
34 99583
68 99240
136 99970
17 99024
34 98283
68 99223
136 100350
17 98789
35 98503
70 99251
141 100290
27 99669
54 99209
108 99801
216 102178
176 101791
96 100872
192 102008
129 100980
2 99470
4 97630
8 97032
17 97656
34 97832
68 99225
137 100259
19 99550
39 98140
78 99482
156 100644
57 100082
114 100250
228 102335
201 102514
147 101780
39 99814
78 99326
157 100990
59 99998
119 100164
238 102712
221 102994
186 102158
116 100625
233 102562
211 102388
166 101486
76 100129
153 101074
50 99948
100 100038
200 101529
145 101232
35 99422
71 99749
143 99913
31 99290
62 98494
124 99670
248 102646
241 103057
226 102803
196 102578
137 100497
19 99459
39 98538
78 99089
157 101154
59 100076
119 99960
238 102650
220 102620
184 101924
113 101110
226 102392
196 102079
136 101494
16 99862
33 98041
67 99208
135 100156
14 98764
28 97854
56 99422
113 99370
227 102304
198 102409
141 101694
26 100081
52 99288
105 99508
210 101979
164 101378
72 100198
144 100791
32 98848
65 98873
130 100538
5 99970
10 97629
21 98598
43 98408
87 99322
174 101530
93 100573
186 101390
116 100916
233 102468
211 102823
167 101438
79 100699
159 101351
62 99890
125 100086
251 103257
246 102721
236 103144
217 102620
178 101774
100 100890
201 102107
147 101697
38 99694
76 99312
153 100971
51 99871
103 99922
206 101564
156 100997
57 99884
115 99739
231 102894
206 102518
157 101882
58 100024
116 99472
232 102758
208 102556
160 101802
64 99950
129 100528
2 98836
5 98236
11 97938
22 98285
44 98360
88 99434
177 100892
98 100430
196 101438
136 101333
17 100124
35 98939
70 99264
141 101178
26 99185
52 98820
105 99194
210 102118
165 101622
75 100314
151 100318
46 99564
92 99471
185 101492
115 100904
230 102862
205 102518
155 101364
55 100510
110 100077
221 102137
186 102229
116 100449
232 102444
209 102820
162 101434
69 100380
139 100998
22 99239
45 98409
90 99130
180 101228
104 100872
209 101487
163 101178
70 100314
140 100216
24 99700
48 99213
97 98923
195 101457
135 101264
14 99596
29 98057
59 98223
119 99522
238 102727
221 102758
187 102161
118 101142
236 102686
217 102878
178 101554
101 100495
203 101942
151 101642
46 99952
93 99906
186 101644
116 100721
232 102653
208 102440
161 101426
66 100063
133 100746
11 99682
22 98305
44 98134
88 100108
177 101194
98 100785
196 101664
137 101174
19 99099
38 98254
77 98628
155 100958
54 100262
109 99448
219 101954
183 102054
110 101164
221 102460
186 101988
116 101285
233 102324
211 102324
166 102044
77 99720
154 100687
53 99664
106 99420
213 101944
171 102074
86 100388
172 101598
89 100523
179 101587
103 100978
206 102141
156 101628
56 100142
113 100229
227 102174
198 102068
140 101867
24 99360
48 98904
96 99581
192 101732
128 101270
1 99027
3 97582
6 96839
13 97104
26 98130
53 99010
106 99539
213 102320
170 102028
85 100502
171 101388
87 100074
174 101242
93 100060
187 101453
118 100778
237 102559
218 102580
180 101972
105 100940
211 102168
166 101852
76 99744
152 100002
49 99990
98 99554
197 101607
138 101219
21 99638
42 98192
85 99596
170 101204
85 100492
171 101301
86 99994
173 101767
90 100540
180 101398
105 100424
210 102138
165 101648
75 100132
150 100908
44 99903
88 99102
177 101678
99 100813
198 101768
141 101607
27 99082
55 98907
111 99749
222 102113
189 102224
122 100693
244 102618
233 103021
210 102533
164 101778
72 100787
144 100939
32 99523
64 99366
129 99534
2 98446
4 97366
8 96472
16 97960
33 97796
67 98834
134 100481
12 99309
24 97623
48 98670
96 99538
193 101798
131 100909
7 98680
14 98913
29 98216
58 98660
116 99738
233 102914
210 102894
165 101891
75 100364
150 100974
45 99741
90 100260
181 100798
106 100359
212 102038
168 101748
80 100059
160 101500
65 100664
131 100110
7 99152
15 98688
31 98002
63 98495
126 99919
253 102897
251 102658
247 103178
238 102698
220 102801
184 101982
113 100569
227 102668
198 102455
141 101373
27 99330
54 98826
108 100238
216 102230
177 101608
99 100931
199 101568
142 101549
28 100391
56 98084
113 99834
227 102490
199 102701
143 101474
31 99504
63 99492
127 100640
255 103170
254 103218
253 103319
250 102821
244 103292
232 103078
209 102251
162 101464
69 100100
138 100680
20 99864
40 98458
81 99102
163 101174
71 99741
142 100794
28 100039
57 98842
114 100055
229 102748
203 102394
150 101602
44 100260
88 99120
177 101008
98 100679
196 101324
137 101598
19 99400
39 98026
78 99116
156 101118
57 100250
115 100269
230 102418
204 102664
153 101248
51 100159
103 100039
207 101812
159 101616
63 100312
127 100374
254 102570
252 103373
249 103255
243 103128
230 102758
205 102484
155 101878
55 100186
110 99894
220 102256
184 102008
113 101012
226 102302
196 102389
136 101402
17 98560
35 98991
70 99423
141 100386
26 99336
52 98420
104 99844
209 102388
163 101347
71 100407
142 100644
28 99660
56 99392
112 99641
224 102408
193 102664
130 100750
5 98730
10 98309
20 97999
41 98004
83 98800
166 101334
77 99980
154 100851
52 99648
104 99836
208 102188
161 101957
66 100471
132 99826
9 98852
18 97364
36 97954
72 98724
145 100788
35 99737
71 98923
142 100514
29 99648
58 98962
116 99862
233 102684
210 102594
165 102035
74 100340
149 101220
42 99419
85 99544
170 101200
84 100221
168 101318
81 100311
163 101124
70 100197
140 100158
24 99590
49 98329
98 99904
196 101602
137 101100
18 99833
37 98565
74 98702
148 101304
40 99400
81 99025
162 101429
69 100599
138 100617
20 100019
41 98678
83 99534
166 101239
77 100242
154 100642
52 99744
104 99745
209 101904
162 101572
68 100703
136 100569
17 98989
35 98705
70 98904
140 100654
24 98984
48 98384
97 98876
194 101928
132 101304
8 98814
17 97164
34 98162
69 99068
139 100664
23 99934
46 98456
92 99663
184 101218
112 100640
224 102415
192 102293
129 101242
3 98802
7 97614
15 98703
30 98046
61 98684
123 100360
246 102847
237 103285
219 102692
182 102058
109 101544
218 102321
180 102204
105 100720
210 102284
165 101497
74 99950
149 100749
43 100047
86 99385
172 101331
89 100736
179 101138
102 100092
205 101714
155 101680
55 99886
111 99664
222 102493
188 102084
121 101074
242 102588
229 103010
202 101934
148 101875
41 99520
82 100170
165 101078
75 99634
150 100278
45 99731
91 99296
183 101354
111 100984
223 102699
191 102311
127 100745
254 103297
252 103238
248 103470
241 103161
227 102959
199 101965
143 101730
30 99882
61 98758
122 100790
245 102850
234 102848
213 102830
170 101498
85 100911
171 101632
87 100386
174 101412
92 100204
185 102022
115 100659
231 102642
207 102318
159 101324
62 100151
125 100520
251 103044
246 103190
237 102706
218 102467
181 101666
106 100770
212 101778
168 101160
81 100600
162 100940
69 100276
139 100011
22 99172
45 99163
90 99450
180 101624
104 100845
209 101794
163 101493
71 100169
143 100330
30 99515
61 99021
123 100630
247 103097
239 103310
222 102514
188 102114
121 100640
242 102880
228 102909
201 101928
147 101404
39 99826
79 99534
159 100818
63 99935
126 100250
253 103227
250 103044
245 103424
234 103200
213 102504
170 102054
84 100401
168 101024
81 100540
162 100718
69 100010
138 100874
21 98764
42 98190
84 99464
169 101598
83 100293
166 101329
77 100830
155 100608
55 100234
110 100504
221 102298
187 102028
119 100688
239 102677
222 102588
188 102113
121 101285
242 102936
229 102477
203 102565
150 101708
45 99900
91 99344
182 101481
108 100770
217 101791
178 102288
101 100940
203 102234
151 101714
46 100021
93 99929
187 101454
119 101039
239 102708
222 102698
188 102339
120 101245
240 102643
225 102714
195 102252
135 101596
15 98910
30 98359
61 98896
122 99990
245 102839
234 102970
212 102514
169 101808
83 100376
166 101299
77 100368
155 100785
54 99744
108 100181
217 102438
178 102059
101 100512
202 101998
148 101215
40 99955
81 98959
163 101054
70 101160
140 100154
24 99119
48 98965
97 99650
195 101800
134 101065
13 99389
27 98502
55 98850
110 99970
220 102341
185 101567
115 101125
230 102738
205 102308
154 101648
52 100431
105 99840
211 101914
166 102036
77 100749
155 101014
54 99892
108 99711
216 102302
176 102124
97 101232
195 101591
135 100909
14 99182
29 98322
59 98578
118 100080
236 102894
217 102810
178 102355
101 101326
203 101728
151 101242
46 99470
93 99937
187 101721
119 100790
238 102849
220 102468
184 102034
113 100983
227 102470
199 102518
142 101174
29 99906
59 98849
118 99594
237 102410
219 102241
182 101888
108 100863
216 102131
176 101818
96 100771
192 101818
128 101101
0 99479
0 97655
1 97633
3 96860
7 97512
14 97620
29 97992
59 99012
118 99922
237 102838
219 102554
182 101912
108 100720
217 102088
178 101711
101 100590
202 102310
148 101814
41 99836
83 99476
167 100773
79 100340
158 100909
60 100049
120 100456
241 103098
226 102518
197 102368
138 100958
20 99862
40 98444
81 99311
162 101298
69 100486
138 100624
21 99216
42 98124
84 99600
169 101677
82 99931
164 100898
72 100546
144 100743
33 99399
67 98920
135 100170
14 99462
29 98044
59 98622
119 99708
239 102749
223 102862
191 102468
126 100834
253 102766
250 103189
245 102921
235 102988
214 102334
172 102177
89 100370
179 101526
102 100927
204 102348
152 101168
48 99829
97 100140
195 101788
134 101225
12 99749
24 98286
49 99240
98 99261
196 101511
137 101624
18 98700
37 98735
74 98648
148 100384
40 100101
81 98845
162 101147
69 99640
139 101071
23 100026
46 98439
92 99541
184 101460
112 100843
224 102751
192 102374
128 101252
1 98506
3 98245
6 98160
13 97852
26 97990
53 99044
107 99720
215 102318
174 101548
93 100297
186 101794
116 100820
233 102612
210 102504
165 101828
75 100654
151 100902
46 99350
93 99490
187 101130
119 100374
238 102649
221 103024
187 101944
119 100956
239 103012
222 102889
188 102453
121 100725
242 102604
229 103132
202 102509
148 101271
41 100409
82 99268
164 101217
73 99401
147 100598
38 99504
76 99685
153 101073
51 99571
103 100465
206 101952
157 101253
58 100058
117 100074
235 102844
215 102758
174 102110
93 100410
186 102140
117 100689
235 102648
215 102884
174 102274
92 100304
185 101247
114 100650
228 102304
201 102358
147 101483
38 100149
76 98984
153 100996
50 99230
100 100434
200 102028
144 101141
32 99440
65 98529
131 100148
6 99293
12 98156
24 97718
49 98862
99 99320
198 101711
140 101001
24 99636
49 98638
99 99523
198 101330
140 101090
25 99266
50 98132
101 99848
203 101510
150 101748
44 100089
88 99557
176 101291
96 100683
192 101899
128 100953
0 99370
1 97892
2 97555
4 97822
8 97392
16 97120
32 97902
64 98375
128 100728
0 99140
0 97333
1 97152
2 97879
5 97368
10 97595
21 98274
43 98624
87 99472
175 101675
94 99986
189 101886
122 100789
245 102467
235 102655
215 102790
174 101536
93 100343
187 101324
118 101354
237 102748
219 102708
182 102094
109 100962
219 102320
182 102054
108 101050
216 102088
177 101898
98 100809
196 101939
137 101487
19 99579
39 98865
79 99197
159 100504
62 99712
124 100424
249 102676
243 103348
230 103176
204 102404
153 101368
51 99926
102 99941
205 101808
155 101369
55 99844
110 100075
220 102362
184 102144
112 100460
225 102254
195 102274
135 101121
14 99170
29 97942
58 98286
117 99792
235 102724
214 102537
172 101732
88 100402
177 101951
99 101168
198 101454
140 101568
24 99650
49 99038
98 99292
196 102078
137 101624
19 99481
38 98223
77 99269
155 100788
55 99720
111 99908
222 102308
188 102170
121 101151
242 102712
229 102734
203 102314
151 101481
46 99320
93 99880
187 101958
119 101085
238 102716
221 102664
186 102454
117 100621
234 102588
212 102630
169 101834
83 100086
167 100987
79 99974
159 100828
63 100080
126 100132
252 102843
249 103138
243 103148
231 102929
206 102367
156 101798
56 99919
112 100298
225 102204
195 102078
134 101390
13 99320
27 98812
55 98892
111 100080
223 102468
190 101510
125 101200
251 103023
247 103198
238 102517
221 102339
