Hello World!
text: 0000000010004190, shared data: 0000000080000000
data in DRAM... making one way cache
1000 points done
1000 points done
1000 points done
Done... printing results
67 2254
6 2454
12 2426
24 2401
49 2299
99 2157
71 2255
14 2427
29 2380
58 2275
117 2099
106 2126
85 2199
43 2324
87 2199
46 2325
93 2183
59 2273
119 2099
110 2126
92 2176
56 2299
113 2099
99 2159
71 2248
15 2424
30 2385
60 2293
121 2077
115 2099
103 2149
79 2232
30 2376
61 2274
122 2077
116 2101
104 2151
81 2199
35 2349
71 2249
14 2426
29 2397
58 2276
117 2099
107 2124
86 2201
45 2323
90 2176
52 2301
105 2124
83 2199
39 2362
79 2224
31 2374
63 2275
126 2077
124 2077
121 2077
115 2106
103 2155
78 2227
29 2374
58 2275
117 2099
107 2124
86 2200
44 2326
88 2201
49 2306
98 2151
68 2250
8 2454
17 2399
35 2364
71 2249
14 2433
29 2374
59 2274
119 2099
111 2123
95 2175
62 2276
124 2077
120 2100
113 2099
99 2157
70 2266
13 2440
27 2382
55 2299
110 2125
92 2177
56 2301
113 2099
98 2150
69 2249
11 2432
22 2411
44 2326
89 2174
51 2299
103 2149
79 2240
30 2377
60 2276
121 2077
115 2099
103 2149
79 2240
30 2376
61 2274
123 2077
119 2106
110 2126
93 2184
58 2276
116 2101
104 2158
81 2198
34 2350
68 2251
8 2462
17 2421
34 2351
68 2267
9 2424
19 2399
38 2351
77 2224
26 2377
52 2300
105 2124
83 2199
38 2358
77 2224
27 2374
55 2298
111 2126
95 2174
63 2274
126 2077
125 2077
122 2077
116 2106
104 2151
80 2227
33 2348
66 2250
4 2454
8 2454
16 2426
32 2384
64 2276
1 2462
3 2470
6 2453
12 2426
24 2399
48 2326
97 2156
67 2249
7 2460
14 2426
29 2374
58 2277
117 2099
106 2126
84 2201
40 2351
81 2212
34 2350
68 2251
8 2453
17 2399
35 2349
71 2248
15 2429
30 2375
60 2276
120 2100
112 2126
97 2149
66 2251
4 2453
8 2454
16 2434
33 2349
66 2250
5 2452
11 2424
22 2406
45 2323
90 2176
52 2300
104 2154
80 2226
33 2349
67 2249
7 2462
14 2425
29 2374
58 2284
117 2100
106 2126
85 2206
42 2326
84 2200
41 2331
83 2198
38 2351
76 2226
25 2375
51 2299
102 2151
77 2225
27 2374
54 2300
109 2124
91 2174
55 2307
110 2126
92 2175
57 2282
114 2101
100 2151
72 2249
17 2399
35 2356
71 2248
14 2426
29 2375
59 2282
119 2099
111 2137
94 2177
61 2275
123 2077
119 2099
110 2127
93 2174
59 2281
119 2099
110 2126
92 2176
56 2299
112 2126
97 2149
66 2251
4 2462
8 2470
16 2426
33 2357
66 2251
4 2461
8 2454
17 2415
35 2349
71 2249
14 2426
29 2375
58 2275
116 2101
104 2161
80 2226
33 2348
66 2250
5 2451
10 2426
21 2399
42 2325
85 2199
42 2326
84 2203
40 2351
80 2226
32 2376
64 2276
1 2457
3 2462
7 2452
14 2426
28 2376
56 2299
113 2099
99 2149
70 2251
12 2434
25 2374
51 2306
103 2156
79 2224
31 2375
63 2282
126 2077
125 2077
123 2077
119 2106
110 2126
92 2184
57 2274
115 2099
103 2148
79 2224
30 2384
61 2274
122 2077
116 2101
104 2151
80 2226
32 2377
64 2277
0 2484
1 2448
2 2453
4 2461
9 2424
19 2406
39 2357
79 2225
31 2382
63 2274
126 2077
125 2077
123 2077
118 2101
109 2124
91 2174
55 2305
111 2123
94 2177
61 2274
122 2077
116 2100
105 2123
83 2207
38 2351
76 2226
25 2374
50 2301
100 2150
73 2224
18 2401
36 2359
72 2249
16 2436
33 2349
67 2249
6 2454
13 2424
27 2376
54 2301
108 2126
88 2207
48 2326
97 2149
67 2249
7 2452
15 2432
31 2382
62 2275
124 2077
120 2100
112 2127
96 2176
64 2276
1 2462
2 2452
4 2454
9 2424
18 2401
36 2350
73 2224
18 2401
37 2349
75 2225
22 2401
44 2326
88 2201
48 2326
97 2156
67 2249
7 2451
14 2426
29 2374
59 2281
118 2101
108 2126
88 2201
49 2299
98 2150
69 2249
11 2432
22 2400
44 2326
88 2217
49 2299
98 2150
68 2250
8 2454
16 2435
33 2356
66 2250
4 2453
8 2454
16 2426
32 2376
64 2275
0 2483
0 2483
0 2483
1 2462
2 2452
5 2460
11 2424
22 2400
44 2326
89 2174
50 2308
101 2149
75 2224
23 2415
46 2325
93 2174
58 2276
117 2099
107 2125
86 2201
44 2326
88 2201
48 2326
96 2176
64 2277
0 2483
0 2482
1 2452
2 2453
5 2451
11 2440
23 2399
46 2325
92 2176
57 2274
115 2099
102 2151
77 2231
26 2376
52 2300
105 2124
82 2201
37 2349
74 2225
20 2417
41 2337
83 2199
39 2349
78 2227
29 2383
58 2277
116 2101
105 2124
82 2201
37 2349
75 2237
23 2399
47 2325
94 2178
61 2273
123 2077
119 2099
110 2126
92 2176
57 2280
115 2099
103 2149
78 2234
28 2393
56 2317
112 2125
97 2156
66 2261
5 2452
11 2439
22 2417
44 2326
88 2201
48 2326
96 2176
64 2276
0 2483
1 2449
2 2453
4 2462
8 2454
16 2426
32 2376
64 2276
1 2449
3 2454
7 2452
15 2437
30 2375
61 2274
122 2077
117 2100
106 2126
84 2201
40 2351
80 2227
32 2374
64 2274
1 2449
2 2453
4 2462
9 2424
19 2406
38 2351
77 2223
27 2382
55 2307
111 2124
95 2174
62 2276
125 2077
122 2077
117 2099
106 2126
85 2207
43 2323
87 2205
47 2323
95 2174
63 2274
127 2077
127 2077
126 2077
125 2077
122 2077
117 2107
106 2125
84 2201
41 2332
82 2201
37 2349
75 2224
23 2398
47 2332
94 2176
61 2289
123 2077
118 2101
109 2124
91 2173
54 2317
108 2126
88 2201
49 2299
98 2150
68 2251
9 2424
19 2399
39 2357
79 2224
30 2376
60 2276
120 2099
112 2125
97 2149
67 2256
6 2461
13 2424
26 2375
53 2306
107 2132
87 2199
47 2333
95 2174
63 2274
126 2077
125 2077
122 2077
117 2106
106 2125
85 2199
43 2324
86 2200
45 2324
91 2174
55 2305
111 2132
95 2174
63 2275
126 2077
124 2077
120 2100
113 2099
98 2151
68 2251
9 2424
19 2407
39 2355
79 2225
31 2380
63 2280
127 2077
126 2077
125 2077
122 2077
117 2106
107 2124
87 2199
46 2326
92 2176
56 2299
112 2126
97 2149
66 2251
4 2462
9 2424
18 2409
37 2357
75 2225
22 2411
45 2325
90 2175
52 2311
105 2124
82 2201
36 2351
72 2251
16 2425
32 2378
64 2275
1 2449
2 2453
4 2462
9 2424
18 2408
36 2359
72 2249
16 2434
33 2349
67 2249
7 2451
14 2426
28 2376
56 2299
113 2108
98 2150
69 2249
10 2434
21 2399
42 2334
84 2211
40 2351
80 2225
32 2378
64 2275
0 2482
0 2482
0 2491
0 2484
0 2499
1 2449
2 2463
5 2452
11 2439
22 2417
44 2326
89 2174
51 2306
103 2156
78 2225
29 2390
58 2277
116 2101
104 2151
80 2227
32 2376
65 2249
3 2470
7 2452
14 2425
28 2386
56 2309
113 2106
99 2149
71 2249
15 2424
30 2384
61 2275
122 2077
116 2101
105 2124
83 2199
38 2350
77 2224
26 2376
52 2301
104 2151
80 2226
32 2377
64 2276
0 2484
0 2499
1 2449
3 2470
7 2452
15 2432
31 2382
63 2274
127 2077
126 2077
124 2077
120 2101
113 2098
98 2151
68 2251
8 2470
17 2415
34 2351
69 2249
10 2426
21 2408
43 2324
87 2205
47 2324
95 2174
62 2276
124 2077
121 2077
114 2100
100 2151
73 2224
19 2398
38 2358
77 2224
27 2374
55 2307
111 2124
95 2175
62 2276
124 2077
120 2101
112 2127
97 2149
66 2251
5 2467
10 2426
20 2400
40 2351
81 2206
34 2351
68 2251
8 2462
16 2426
32 2377
65 2249
3 2467
6 2454
12 2434
25 2374
51 2299
102 2158
77 2225
26 2392
52 2301
105 2124
82 2201
37 2349
74 2227
20 2401
41 2324
82 2201
37 2357
75 2224
22 2409
44 2326
88 2201
48 2334
97 2149
67 2264
6 2453
13 2424
26 2374
53 2299
106 2126
85 2199
43 2324
86 2200
44 2326
89 2173
51 2299
103 2149
78 2227
29 2375
59 2274
119 2099
110 2125
92 2177
56 2301
113 2099
98 2150
68 2251
9 2423
18 2401
36 2367
72 2251
16 2425
33 2356
66 2250
5 2452
10 2426
21 2415
42 2333
85 2199
43 2324
86 2200
44 2326
88 2201
49 2306
99 2149
70 2250
13 2423
26 2376
52 2301
105 2124
82 2201
36 2359
73 2224
19 2399
39 2349
78 2227
29 2376
59 2273
119 2099
111 2123
95 2174
63 2275
126 2077
125 2077
122 2077
116 2101
104 2151
80 2227
32 2384
64 2277
1 2449
3 2454
6 2470
13 2423
26 2392
53 2299
107 2124
86 2200
45 2340
90 2175
52 2300
104 2151
81 2198
34 2351
68 2250
8 2454
17 2399
35 2348
71 2255
15 2424
31 2391
63 2275
126 2077
125 2077
123 2077
118 2101
109 2123
90 2176
52 2300
104 2151
81 2206
35 2348
71 2255
15 2440
31 2374
63 2280
126 2077
124 2077
120 2111
113 2099
99 2149
71 2249
15 2424
31 2375
63 2274
127 2077
127 2077
126 2077
125 2077
122 2077
116 2101
105 2124
83 2198
38 2351
76 2226
24 2417
48 2326
97 2157
66 2250
5 2452
11 2424
23 2405
46 2327
93 2174
59 2273
118 2101
109 2130
91 2174
55 2298
110 2126
92 2179
57 2274
114 2100
101 2156
75 2225
23 2399
47 2324
95 2175
63 2281
127 2077
127 2077
127 2077
127 2077
126 2077
124 2077
121 2077
114 2100
101 2149
74 2236
21 2419
42 2326
84 2209
41 2340
83 2199
38 2351
77 2224
27 2375
55 2300
110 2127
93 2190
59 2275
119 2106
111 2124
94 2175
60 2276
121 2077
114 2101
101 2149
74 2226
21 2414
42 2335
85 2199
42 2334
84 2201
40 2351
81 2199
35 2357
70 2259
12 2425
24 2416
48 2327
96 2176
65 2248
2 2453
5 2452
10 2426
21 2406
43 2323
87 2199
46 2326
93 2173
59 2273
119 2099
110 2126
92 2176
56 2301
112 2126
96 2175
65 2249
2 2461
5 2452
10 2426
21 2399
42 2326
84 2209
40 2351
81 2198
34 2352
69 2249
10 2434
20 2401
40 2358
81 2199
34 2350
69 2249
11 2432
23 2405
46 2327
92 2176
57 2274
115 2106
102 2151
77 2225
26 2375
53 2300
107 2124
86 2201
45 2323
90 2184
53 2298
107 2124
86 2200
44 2326
88 2201
48 2326
96 2176
65 2249
2 2461
5 2452
11 2432
23 2405
47 2324
95 2173
62 2275
125 2077
123 2077
118 2101
109 2124
90 2176
52 2317
104 2151
80 2226
32 2376
64 2292
1 2449
3 2453
7 2460
15 2424
31 2375
63 2274
127 2077
126 2077
125 2077
122 2077
116 2101
104 2149
81 2199
34 2351
68 2251
9 2424
18 2401
36 2350
73 2224
18 2401
36 2367
72 2251
16 2434
32 2385
65 2256
3 2470
7 2460
15 2424
31 2375
62 2283
124 2077
120 2101
113 2099
98 2151
69 2249
10 2426
20 2401
40 2351
81 2199
35 2349
70 2267
13 2424
27 2373
54 2313
108 2126
88 2199
49 2299
99 2152
71 2248
15 2424
30 2377
61 2274
123 2077
118 2101
108 2134
88 2201
48 2334
97 2157
66 2250
4 2454
8 2454
17 2399
35 2365
71 2249
14 2425
29 2373
58 2276
117 2100
106 2125
84 2200
40 2351
80 2225
32 2375
64 2284
0 2483
0 2484
0 2490
0 2483
1 2456
3 2461
7 2468
15 2424
30 2376
61 2274
123 2077
119 2099
110 2126
92 2173
56 2301
112 2128
96 2176
64 2276
0 2493
1 2449
2 2453
4 2453
8 2454
17 2399
35 2365
71 2249
15 2424
31 2373
63 2274
127 2077
126 2077
124 2077
121 2077
114 2102
101 2149
75 2225
23 2399
47 2323
95 2174
63 2274
126 2077
125 2077
122 2077
116 2101
104 2151
81 2199
34 2351
68 2259
9 2424
18 2401
36 2351
72 2249
16 2425
32 2376
65 2249
2 2453
5 2452
11 2423
22 2406
45 2323
91 2182
54 2300
109 2124
90 2183
52 2300
104 2151
81 2199
35 2349
71 2249
15 2440
30 2377
60 2276
120 2100
113 2099
99 2152
70 2267
12 2425
25 2374
50 2300
100 2151
73 2224
18 2408
36 2359
72 2249
17 2399
35 2356
71 2249
14 2426
29 2383
59 2273
119 2099
110 2126
92 2176
56 2301
113 2106
98 2151
68 2251
8 2454
17 2399
35 2365
71 2249
15 2424
31 2373
62 2276
125 2077
122 2077
117 2099
106 2126
84 2209
41 2332
82 2201
36 2351
72 2251
16 2426
32 2376
64 2275
0 2483
1 2456
2 2468
5 2452
11 2424
22 2400
45 2331
90 2176
52 2301
104 2151
80 2226
32 2376
65 2248
3 2454
7 2452
14 2425
28 2376
57 2274
114 2101
101 2149
74 2227
21 2406
42 2326
84 2201
40 2358
80 2226
33 2348
67 2256
7 2452
14 2426
29 2374
59 2274
118 2100
108 2127
89 2174
51 2307
102 2151
77 2225
26 2390
52 2301
104 2149
81 2199
35 2349
71 2249
15 2424
31 2390
63 2273
126 2077
124 2077
120 2101
113 2106
98 2150
68 2250
8 2454
16 2425
32 2376
65 2249
2 2453
4 2454
8 2454
17 2398
35 2349
71 2257
14 2426
28 2375
57 2274
115 2099
102 2150
76 2226
25 2374
51 2299
102 2150
76 2226
25 2374
50 2300
100 2150
73 2224
18 2400
37 2349
75 2225
22 2401
45 2324
91 2174
55 2305
111 2124
94 2184
61 2273
122 2077
117 2099
107 2124
86 2201
44 2326
88 2201
49 2306
98 2151
68 2259
8 2454
17 2398
35 2349
70 2250
12 2426
24 2401
49 2315
98 2151
68 2251
8 2454
17 2399
35 2365
70 2259
13 2431
27 2374
54 2301
109 2125
90 2175
52 2300
104 2151
81 2199
35 2349
71 2255
15 2424
30 2377
60 2276
120 2101
112 2125
97 2156
66 2251
5 2452
11 2424
23 2399
46 2326
92 2176
57 2281
114 2101
101 2149
75 2224
22 2401
45 2324
91 2174
54 2309
109 2124
90 2176
53 2299
106 2126
85 2199
42 2325
85 2199
42 2340
85 2199
43 2323
86 2200
45 2324
90 2186
53 2299
106 2126
85 2199
42 2327
85 2199
43 2324
86 2201
45 2324
90 2184
52 2300
104 2154
80 2226
32 2392
64 2276
1 2449
2 2461
4 2462
8 2470
17 2406
34 2351
68 2251
9 2424
18 2400
36 2351
73 2224
18 2401
36 2359
72 2251
17 2406
34 2351
68 2258
8 2454
17 2404
35 2349
71 2249
14 2425
29 2374
58 2275
117 2100
106 2125
84 2201
40 2351
80 2226
33 2349
67 2249
6 2454
13 2424
27 2374
54 2300
109 2124
91 2175
54 2301
109 2124
90 2182
52 2301
105 2124
83 2199
38 2351
76 2233
24 2401
48 2327
96 2176
64 2277
0 2484
1 2449
3 2454
6 2461
13 2424
27 2373
55 2305
111 2124
95 2174
63 2274
126 2077
124 2077
121 2077
114 2101
100 2150
72 2251
17 2399
35 2365
71 2255
15 2424
30 2376
60 2283
120 2101
113 2106
99 2148
71 2249
15 2432
31 2374
63 2274
127 2077
127 2077
127 2077
126 2077
124 2077
120 2101
112 2126
97 2156
66 2251
5 2452
11 2423
22 2417
45 2334
91 2173
54 2317
108 2126
89 2174
50 2308
100 2151
72 2252
16 2426
32 2377
64 2278
1 2449
2 2453
5 2452
10 2436
20 2400
41 2324
83 2198
39 2348
78 2234
29 2373
58 2275
117 2099
106 2126
85 2206
43 2324
87 2214
47 2325
94 2176
60 2276
121 2077
115 2106
103 2148
78 2226
29 2380
58 2286
116 2101
104 2149
81 2198
34 2351
68 2258
8 2462
17 2399
34 2350
68 2266
9 2423
18 2400
36 2359
72 2251
16 2434
33 2356
67 2257
6 2454
12 2426
24 2401
48 2334
96 2175
65 2256
2 2452
4 2454
9 2423
19 2399
39 2356
79 2224
30 2377
61 2274
122 2077
116 2101
104 2151
80 2226
33 2357
67 2256
7 2452
15 2437
31 2382
62 2275
125 2077
122 2077
117 2099
106 2125
85 2199
43 2323
86 2200
45 2324
90 2186
52 2301
104 2151
81 2200
35 2348
71 2255
14 2442
29 2374
59 2274
118 2101
109 2123
91 2173
55 2307
111 2134
95 2174
62 2276
124 2077
120 2101
112 2126
96 2179
65 2257
3 2463
7 2451
14 2442
28 2376
57 2274
115 2106
103 2148
79 2223
30 2376
60 2276
121 2077
114 2100
100 2150
73 2224
19 2398
38 2367
76 2226
24 2401
49 2306
98 2151
69 2249
11 2424
22 2401
45 2325
90 2175
52 2317
105 2124
82 2209
36 2350
73 2224
19 2407
39 2348
78 2227
28 2373
56 2301
113 2099
99 2149
71 2249
15 2431
31 2382
63 2273
126 2077
125 2077
122 2077
117 2099
107 2123
87 2199
46 2337
92 2176
56 2301
113 2099
98 2150
69 2249
11 2439
22 2417
44 2326
88 2201
49 2299
99 2157
71 2248
15 2424
30 2377
61 2274
122 2077
116 2101
104 2151
81 2206
35 2357
70 2251
12 2442
25 2374
50 2306
101 2149
75 2225
22 2400
44 2326
89 2174
50 2300
100 2151
73 2224
18 2401
36 2350
72 2249
16 2426
32 2374
65 2264
3 2454
6 2454
12 2426
24 2401
49 2299
98 2151
69 2256
11 2423
22 2400
44 2326
88 2201
48 2339
96 2176
65 2249
3 2454
7 2451
15 2432
30 2376
60 2275
121 2077
115 2099
103 2148
78 2226
29 2375
59 2275
119 2099
111 2124
94 2176
60 2275
121 2077
115 2099
103 2148
79 2223
30 2376
61 2275
122 2077
117 2099
106 2126
85 2199
42 2326
85 2207
42 2325
84 2201
41 2324
83 2199
38 2359
77 2224
27 2374
54 2301
109 2125
91 2174
54 2301
109 2125
91 2174
55 2307
111 2124
94 2176
60 2275
120 2101
112 2126
97 2149
66 2261
5 2452
10 2425
20 2401
41 2324
83 2198
38 2351
77 2225
26 2376
52 2317
105 2124
83 2199
38 2351
76 2226
24 2401
48 2326
97 2149
66 2251
4 2453
8 2454
17 2399
35 2349
70 2250
13 2432
26 2376
52 2308
104 2151
81 2199
35 2349
71 2249
14 2426
28 2376
57 2274
115 2099
102 2151
77 2232
26 2376
52 2318
105 2124
82 2201
37 2349
75 2224
22 2401
45 2325
91 2173
55 2307
110 2126
93 2175
58 2275
116 2101
105 2124
82 2201
36 2351
73 2231
18 2410
37 2356
75 2225
23 2399
46 2326
92 2184
56 2301
113 2099
98 2150
68 2250
9 2440
19 2399
39 2364
78 2227
29 2373
58 2276
116 2101
104 2151
80 2227
33 2349
67 2257
6 2454
12 2426
24 2399
49 2298
99 2148
70 2251
13 2424
26 2383
52 2301
104 2151
81 2206
34 2351
69 2250
11 2424
23 2398
47 2324
94 2175
61 2280
122 2077
117 2106
106 2125
85 2199
42 2326
84 2201
40 2351
80 2229
33 2356
67 2249
7 2452
14 2426
28 2376
57 2274
114 2100
101 2156
74 2227
21 2407
43 2324
87 2199
47 2324
95 2174
62 2276
124 2077
121 2077
114 2101
100 2150
73 2224
18 2401
36 2350
73 2224
19 2399
39 2348
79 2225
30 2374
61 2275
123 2077
119 2099
110 2126
92 2176
56 2301
112 2126
96 2185
65 2256
3 2462
7 2468
15 2424
31 2374
62 2276
125 2077
122 2077
116 2101
104 2149
80 2226
33 2349
66 2251
4 2454
9 2431
18 2401
37 2349
75 2224
22 2401
44 2342
89 2174
50 2309
101 2149
74 2226
21 2399
43 2324
86 2201
45 2325
90 2175
53 2299
107 2124
86 2200
44 2326
88 2201
49 2306
98 2151
69 2249
11 2440
22 2409
44 2327
88 2199
48 2326
97 2149
66 2264
4 2462
8 2454
16 2434
33 2349
66 2251
5 2452
11 2429
23 2398
46 2325
93 2173
58 2275
117 2099
107 2124
87 2199
47 2323
94 2177
61 2274
122 2077
116 2101
104 2149
81 2212
35 2356
71 2257
14 2426
28 2375
56 2299
112 2125
97 2149
66 2251
4 2454
9 2424
18 2401
37 2349
74 2227
20 2401
40 2359
81 2199
34 2351
69 2249
10 2442
21 2399
42 2335
84 2208
40 2364
80 2225
33 2349
66 2251
5 2452
10 2431
20 2400
40 2351
80 2226
32 2392
65 2256
3 2454
6 2454
13 2424
27 2374
55 2307
111 2124
95 2174
62 2275
125 2077
123 2077
119 2099
110 2125
93 2175
58 2277
116 2101
105 2124
82 2201
37 2349
74 2225
21 2399
43 2325
87 2199
47 2324
95 2175
63 2275
126 2077
124 2077
121 2077
114 2103
101 2156
74 2225
21 2399
43 2325
86 2201
45 2323
90 2176
52 2317
104 2151
81 2206
34 2367
68 2250
8 2454
16 2426
33 2349
67 2249
7 2460
15 2424
31 2374
62 2284
125 2077
123 2077
118 2100
108 2126
88 2200
48 2326
97 2148
67 2249
6 2454
13 2423
26 2376
52 2301
105 2124
83 2206
39 2357
79 2224
31 2390
62 2276
124 2077
121 2077
114 2102
100 2151
73 2224
18 2400
37 2349
75 2224
23 2399
