Hello World!
text: 0000000010004190, shared data: 0000000080000000
data in DRAM... making one way cache
1000 points done
1000 points done
1000 points done
Done... printing results
67 2471
6 2471
12 2476
24 2480
49 2476
99 2480
71 2480
14 2476
29 2470
58 2478
117 2476
106 2481
85 2476
43 2482
87 2477
46 2474
93 2470
59 2479
119 2476
110 2474
92 2478
56 2476
113 2491
99 2472
71 2480
15 2476
30 2471
60 2477
121 2479
115 2483
103 2480
79 2474
30 2486
61 2470
122 2479
116 2492
104 2471
81 2476
35 2472
71 2472
14 2476
29 2470
58 2470
117 2476
107 2481
86 2475
45 2475
90 2470
52 2485
105 2483
83 2476
39 2473
79 2474
31 2481
63 2469
126 2479
124 2470
121 2486
115 2492
103 2471
78 2490
29 2486
58 2470
117 2476
107 2482
86 2484
44 2474
88 2476
49 2476
98 2473
68 2472
8 2474
17 2479
35 2471
71 2480
14 2476
29 2470
59 2471
119 2476
111 2475
95 2478
62 2478
124 2471
120 2476
113 2476
99 2479
70 2473
13 2476
27 2487
55 2475
110 2473
92 2470
56 2476
113 2476
98 2473
69 2480
11 2476
22 2479
44 2474
89 2470
51 2476
103 2488
79 2474
30 2486
60 2478
121 2470
115 2476
103 2471
79 2474
30 2470
61 2469
123 2471
119 2476
110 2474
93 2469
58 2470
116 2476
104 2480
81 2475
34 2472
68 2472
8 2475
17 2470
34 2488
68 2472
9 2476
19 2471
38 2473
77 2474
26 2470
52 2476
105 2475
83 2492
38 2472
77 2474
27 2470
55 2476
111 2474
95 2470
63 2470
126 2470
125 2470
122 2470
116 2476
104 2481
80 2473
33 2471
66 2473
4 2474
8 2474
16 2476
32 2470
64 2471
1 2474
3 2474
6 2474
12 2476
24 2479
48 2469
97 2472
67 2472
7 2475
14 2476
29 2471
58 2470
117 2476
106 2475
84 2476
40 2472
81 2476
34 2472
68 2470
8 2474
17 2471
35 2472
71 2470
15 2483
30 2478
60 2471
120 2476
112 2475
97 2480
66 2471
4 2482
8 2482
16 2476
33 2472
66 2480
5 2475
11 2476
22 2471
45 2475
90 2470
52 2484
104 2471
80 2474
33 2472
67 2472
7 2474
14 2476
29 2471
58 2470
117 2476
106 2475
85 2475
42 2475
84 2485
41 2474
83 2476
38 2472
76 2474
25 2470
51 2476
102 2472
77 2475
27 2471
54 2476
109 2483
91 2478
55 2471
110 2474
92 2471
57 2470
114 2476
100 2472
72 2472
17 2471
35 2471
71 2471
14 2476
29 2487
59 2481
119 2485
111 2474
94 2470
61 2470
123 2470
119 2476
110 2475
93 2470
59 2477
119 2476
110 2474
92 2471
56 2475
112 2485
97 2480
66 2475
4 2482
8 2474
16 2484
33 2472
66 2480
4 2474
8 2474
17 2479
35 2471
71 2472
14 2476
29 2470
58 2470
116 2493
104 2473
80 2471
33 2471
66 2473
5 2475
10 2492
21 2471
42 2475
85 2475
42 2474
84 2476
40 2472
80 2475
32 2470
64 2470
1 2474
3 2474
7 2474
14 2476
28 2470
56 2476
113 2484
99 2473
70 2472
12 2476
25 2470
51 2476
103 2472
79 2475
31 2470
63 2470
126 2486
125 2479
123 2471
119 2476
110 2475
92 2470
57 2470
115 2476
103 2472
79 2474
30 2470
61 2469
122 2471
116 2476
104 2473
80 2475
32 2478
64 2471
0 2470
1 2490
2 2475
4 2474
9 2476
19 2471
39 2488
79 2475
31 2470
63 2470
126 2470
125 2469
123 2470
118 2476
109 2475
91 2470
55 2475
111 2474
94 2470
61 2470
122 2470
116 2484
105 2474
83 2476
38 2473
76 2482
25 2478
50 2492
100 2472
73 2482
18 2471
36 2471
72 2480
16 2476
33 2472
67 2471
6 2471
13 2476
27 2471
54 2476
108 2480
88 2477
48 2469
97 2472
67 2472
7 2475
15 2476
31 2470
62 2469
124 2469
120 2476
112 2481
96 2470
64 2471
1 2474
2 2482
4 2474
9 2476
18 2480
36 2480
73 2483
18 2471
37 2471
75 2475
22 2487
44 2474
88 2476
48 2474
97 2480
67 2480
7 2482
14 2476
29 2487
59 2481
118 2476
108 2490
88 2476
49 2476
98 2480
69 2470
11 2476
22 2472
44 2474
88 2482
49 2485
98 2480
68 2472
8 2475
16 2492
33 2472
66 2480
4 2474
8 2474
16 2476
32 2475
64 2479
0 2479
0 2477
0 2478
1 2474
2 2490
5 2473
11 2483
22 2471
44 2474
89 2478
50 2484
101 2473
75 2490
23 2471
46 2474
93 2470
58 2478
117 2476
107 2490
86 2475
44 2474
88 2476
48 2475
96 2471
64 2470
0 2470
0 2470
1 2482
2 2490
5 2473
11 2483
23 2487
46 2474
92 2475
57 2487
115 2484
102 2472
77 2474
26 2470
52 2476
105 2474
82 2476
37 2473
74 2473
20 2471
41 2482
83 2476
39 2481
78 2490
29 2486
58 2470
116 2493
105 2474
82 2476
37 2472
75 2474
23 2471
47 2473
94 2469
61 2483
123 2470
119 2483
110 2474
92 2470
57 2470
115 2492
103 2472
78 2475
28 2471
56 2475
112 2481
97 2480
66 2472
5 2482
11 2476
22 2479
44 2475
88 2475
48 2474
96 2470
64 2471
0 2470
1 2490
2 2475
4 2474
8 2474
16 2484
32 2471
64 2471
1 2471
3 2490
7 2475
15 2476
30 2471
61 2470
122 2479
117 2476
106 2473
84 2485
40 2480
80 2474
32 2471
64 2471
1 2471
2 2474
4 2482
9 2476
19 2471
38 2472
77 2490
27 2471
55 2476
111 2474
95 2471
62 2469
125 2470
122 2471
117 2476
106 2485
85 2484
43 2482
87 2475
47 2474
95 2487
63 2471
127 2470
127 2470
126 2470
125 2469
122 2470
117 2476
106 2475
84 2476
41 2474
82 2475
37 2472
75 2474
23 2471
47 2482
94 2470
61 2469
123 2470
118 2476
109 2473
91 2470
54 2485
108 2483
88 2477
49 2476
98 2480
68 2480
9 2476
19 2472
39 2472
79 2475
30 2470
60 2470
120 2491
112 2485
97 2472
67 2472
6 2474
13 2476
26 2478
53 2492
107 2474
87 2475
47 2482
95 2478
63 2470
126 2471
125 2470
122 2470
117 2484
106 2474
85 2476
43 2482
86 2477
45 2482
91 2478
55 2477
111 2481
95 2478
63 2470
126 2471
124 2470
120 2476
113 2476
98 2472
68 2472
9 2475
19 2471
39 2479
79 2474
31 2470
63 2469
127 2470
126 2478
125 2470
122 2470
117 2493
107 2485
87 2476
46 2482
92 2478
56 2475
112 2474
97 2473
66 2480
4 2474
9 2485
18 2472
37 2472
75 2482
22 2480
45 2482
90 2471
52 2484
105 2473
82 2476
36 2472
72 2470
16 2483
32 2471
64 2481
1 2474
2 2474
4 2482
9 2476
18 2472
36 2473
72 2471
16 2476
33 2472
67 2472
7 2474
14 2484
28 2471
56 2477
113 2492
98 2473
69 2471
10 2476
21 2471
42 2474
84 2476
40 2472
80 2471
32 2471
64 2487
0 2478
0 2477
0 2471
0 2470
0 2470
1 2474
2 2480
5 2474
11 2476
22 2471
44 2474
89 2470
51 2484
103 2481
78 2473
29 2471
58 2470
116 2484
104 2472
80 2476
32 2471
65 2471
3 2475
7 2470
14 2484
28 2470
56 2476
113 2476
99 2481
71 2485
15 2476
30 2478
61 2470
122 2470
116 2476
105 2473
83 2476
38 2472
77 2489
26 2478
52 2475
104 2473
80 2474
32 2486
64 2470
0 2470
0 2477
1 2482
3 2481
7 2482
15 2476
31 2483
63 2470
127 2471
126 2479
124 2470
120 2491
113 2476
98 2472
68 2487
8 2475
17 2470
34 2488
69 2471
10 2476
21 2480
43 2474
87 2476
47 2475
95 2470
62 2469
124 2471
121 2469
114 2476
100 2473
73 2474
19 2479
38 2472
77 2482
27 2470
55 2477
111 2475
95 2469
62 2471
124 2469
120 2476
112 2481
97 2472
66 2473
5 2490
10 2476
20 2471
40 2472
81 2475
34 2481
68 2489
8 2474
16 2476
32 2475
65 2488
3 2475
6 2474
12 2476
25 2470
51 2476
102 2475
77 2482
26 2471
52 2476
105 2475
82 2476
37 2473
74 2474
20 2472
41 2482
82 2476
37 2471
75 2473
22 2480
44 2482
88 2476
48 2474
97 2472
67 2488
6 2474
13 2491
26 2478
53 2484
106 2474
85 2476
43 2474
86 2484
44 2475
89 2486
51 2476
103 2472
78 2481
29 2471
59 2469
119 2484
110 2473
92 2469
56 2477
113 2492
98 2488
68 2488
9 2476
18 2471
36 2472
72 2472
16 2476
33 2477
66 2471
5 2474
10 2476
21 2471
42 2474
85 2476
43 2474
86 2484
44 2475
88 2483
49 2484
99 2472
70 2472
13 2476
26 2471
52 2484
105 2473
82 2475
36 2471
73 2474
19 2472
39 2477
78 2474
29 2471
59 2485
119 2484
111 2474
95 2478
63 2478
126 2470
125 2470
122 2487
116 2476
104 2473
80 2475
32 2478
64 2471
1 2474
3 2474
6 2482
13 2476
26 2471
53 2484
107 2474
86 2477
45 2482
90 2470
52 2476
104 2480
81 2475
34 2472
68 2472
8 2475
17 2470
35 2472
71 2487
15 2476
31 2470
63 2477
126 2478
125 2470
123 2470
118 2484
109 2473
90 2470
52 2476
104 2472
81 2476
35 2489
71 2489
15 2476
31 2470
63 2477
126 2470
124 2470
120 2476
113 2483
99 2472
71 2472
15 2476
31 2471
63 2471
127 2478
127 2470
126 2471
125 2470
122 2470
116 2476
105 2473
83 2492
38 2472
76 2473
24 2471
48 2482
97 2481
66 2471
5 2474
11 2492
23 2487
46 2474
93 2478
59 2469
118 2483
109 2481
91 2478
55 2476
110 2474
92 2470
57 2478
114 2476
101 2481
75 2474
23 2471
47 2482
95 2478
63 2470
127 2471
127 2471
127 2470
127 2470
126 2469
124 2470
121 2470
114 2484
101 2479
74 2483
21 2471
42 2482
84 2476
41 2474
83 2476
38 2473
77 2474
27 2481
55 2476
110 2474
93 2469
59 2478
119 2476
111 2474
94 2469
60 2478
121 2486
114 2476
101 2472
74 2483
21 2471
42 2482
85 2484
42 2474
84 2476
40 2480
81 2476
35 2480
70 2473
12 2476
24 2479
48 2490
96 2471
65 2471
2 2482
5 2474
10 2491
21 2470
43 2475
87 2479
46 2474
93 2471
59 2470
119 2476
110 2483
92 2469
56 2477
112 2474
96 2478
65 2480
2 2474
5 2490
10 2476
21 2470
42 2475
84 2476
40 2472
81 2476
34 2472
69 2489
10 2476
20 2471
40 2487
81 2476
34 2472
69 2472
11 2485
23 2479
46 2474
92 2471
57 2470
115 2476
102 2472
77 2490
26 2471
53 2484
107 2474
86 2477
45 2482
90 2470
53 2476
107 2481
86 2476
44 2474
88 2477
48 2469
96 2469
65 2472
2 2474
5 2474
11 2485
23 2487
47 2475
95 2485
62 2470
125 2471
123 2486
118 2476
109 2473
90 2470
52 2476
104 2472
80 2474
32 2470
64 2481
1 2474
3 2474
7 2482
15 2489
31 2471
63 2470
127 2470
126 2478
125 2470
122 2470
116 2476
104 2481
81 2476
34 2472
68 2473
9 2476
18 2471
36 2481
73 2490
18 2470
36 2472
72 2487
16 2476
32 2470
65 2480
3 2474
7 2474
15 2476
31 2470
62 2486
124 2471
120 2484
113 2484
98 2479
69 2471
10 2476
20 2471
40 2472
81 2492
35 2473
70 2472
13 2476
27 2470
54 2473
108 2490
88 2477
49 2484
99 2480
71 2472
15 2476
30 2470
61 2486
123 2471
118 2476
108 2474
88 2476
48 2475
97 2472
66 2472
4 2482
8 2482
17 2471
35 2472
71 2485
14 2485
29 2470
58 2478
117 2485
106 2475
84 2485
40 2472
80 2475
32 2470
64 2470
0 2470
0 2478
0 2477
0 2471
1 2474
3 2474
7 2470
15 2476
30 2478
61 2477
123 2470
119 2484
110 2473
92 2469
56 2477
112 2481
96 2478
64 2471
0 2470
1 2490
2 2475
4 2474
8 2474
17 2480
35 2479
71 2472
15 2476
31 2470
63 2471
127 2470
126 2479
124 2471
121 2479
114 2476
101 2480
75 2490
23 2471
47 2474
95 2469
63 2471
126 2470
125 2470
122 2470
116 2485
104 2481
81 2476
34 2472
68 2473
9 2484
18 2470
36 2472
72 2487
16 2476
32 2470
65 2480
2 2482
5 2475
11 2476
22 2487
45 2474
91 2473
54 2476
109 2483
90 2478
52 2476
104 2472
81 2475
35 2471
71 2487
15 2476
30 2470
60 2471
120 2484
113 2476
99 2472
70 2472
12 2476
25 2471
50 2476
100 2488
73 2473
18 2471
36 2473
72 2473
17 2471
35 2472
71 2472
14 2476
29 2470
59 2470
119 2476
110 2474
92 2471
56 2475
113 2476
98 2472
68 2471
8 2490
17 2471
35 2480
71 2480
15 2476
31 2470
62 2469
125 2478
122 2478
117 2476
106 2475
84 2476
41 2474
82 2476
36 2472
72 2472
16 2484
32 2470
64 2470
0 2470
1 2474
2 2482
5 2482
11 2476
22 2487
45 2474
90 2478
52 2476
104 2472
80 2474
32 2470
65 2480
3 2474
7 2475
14 2476
28 2470
57 2470
114 2483
101 2489
74 2482
21 2471
42 2482
84 2475
40 2480
80 2474
33 2472
67 2472
7 2474
14 2476
29 2470
59 2470
118 2476
108 2474
89 2486
51 2476
102 2480
77 2474
26 2470
52 2491
104 2479
81 2475
35 2483
71 2480
15 2476
31 2470
63 2487
126 2471
124 2470
120 2476
113 2476
98 2472
68 2472
8 2475
16 2476
32 2471
65 2480
2 2475
4 2474
8 2474
17 2472
35 2479
71 2480
14 2484
28 2470
57 2470
115 2476
102 2473
76 2474
25 2470
51 2476
102 2472
76 2474
25 2470
50 2477
100 2471
73 2482
18 2471
37 2473
75 2490
22 2472
45 2474
91 2469
55 2477
111 2475
94 2478
61 2478
122 2486
117 2484
107 2474
86 2484
44 2474
88 2492
49 2484
98 2480
68 2473
8 2490
17 2471
35 2472
70 2471
12 2476
24 2487
49 2476
98 2472
68 2472
8 2475
17 2479
35 2472
70 2471
13 2476
27 2470
54 2484
109 2474
90 2470
52 2492
104 2472
81 2475
35 2479
71 2472
15 2476
30 2470
60 2471
120 2476
112 2473
97 2472
66 2488
5 2472
11 2476
23 2471
46 2474
92 2470
57 2470
114 2493
101 2472
75 2490
22 2471
45 2482
91 2478
54 2492
109 2475
90 2470
53 2476
106 2475
85 2476
42 2475
85 2475
42 2475
85 2476
43 2469
86 2476
45 2490
90 2470
53 2477
106 2475
85 2477
42 2474
85 2476
43 2482
86 2477
45 2482
90 2470
52 2476
104 2480
80 2474
32 2470
64 2470
1 2474
2 2474
4 2473
8 2491
17 2471
34 2472
68 2472
9 2489
18 2471
36 2480
73 2482
18 2471
36 2480
72 2480
17 2471
34 2487
68 2480
8 2474
17 2474
35 2472
71 2480
14 2476
29 2470
58 2470
117 2483
106 2475
84 2492
40 2472
80 2481
33 2479
67 2480
6 2474
13 2476
27 2486
54 2485
109 2474
91 2478
54 2484
109 2474
90 2470
52 2491
105 2474
83 2477
38 2481
76 2473
24 2471
48 2474
96 2470
64 2471
0 2470
1 2490
3 2474
6 2482
13 2484
27 2470
55 2476
111 2474
95 2469
63 2471
126 2470
124 2485
121 2478
114 2473
100 2480
72 2480
17 2471
35 2472
71 2487
15 2476
30 2470
60 2477
120 2476
113 2484
99 2473
71 2488
15 2476
31 2483
63 2470
127 2471
127 2470
127 2470
126 2478
124 2471
120 2476
112 2474
97 2473
66 2480
5 2470
11 2476
22 2472
45 2482
91 2478
54 2484
108 2474
89 2470
50 2477
100 2480
72 2472
16 2476
32 2470
64 2471
1 2474
2 2474
5 2482
10 2484
20 2471
41 2474
83 2484
39 2472
78 2474
29 2470
58 2470
117 2476
106 2482
85 2485
43 2474
87 2484
47 2482
94 2471
60 2478
121 2470
115 2476
103 2472
78 2473
29 2478
58 2470
116 2476
104 2472
81 2485
34 2480
68 2480
8 2474
17 2479
34 2472
68 2472
9 2476
18 2471
36 2472
72 2472
16 2476
33 2477
67 2472
6 2482
12 2476
24 2471
48 2475
96 2470
65 2471
2 2474
4 2482
9 2476
19 2471
39 2473
79 2474
30 2471
61 2470
122 2479
116 2492
104 2471
80 2474
33 2472
67 2470
7 2474
15 2483
31 2470
62 2469
125 2470
122 2470
117 2493
106 2475
85 2476
43 2474
86 2476
45 2472
90 2470
52 2477
104 2473
81 2477
35 2471
71 2471
14 2476
29 2487
59 2481
118 2476
109 2474
91 2469
55 2477
111 2474
95 2478
62 2470
124 2470
120 2476
112 2483
96 2481
65 2472
3 2472
7 2487
14 2485
28 2470
57 2470
115 2476
103 2473
79 2482
30 2487
60 2481
121 2478
114 2484
100 2473
73 2475
19 2479
38 2473
76 2482
24 2471
49 2477
98 2472
69 2471
11 2476
22 2471
45 2482
90 2470
52 2476
105 2481
82 2484
36 2472
73 2482
19 2471
39 2472
78 2474
28 2470
56 2477
113 2476
99 2471
71 2488
15 2489
31 2471
63 2470
126 2478
125 2478
122 2470
117 2476
107 2474
87 2483
46 2475
92 2469
56 2476
113 2476
98 2472
69 2473
11 2476
22 2471
44 2474
88 2492
49 2484
99 2472
71 2471
15 2476
30 2470
61 2471
122 2470
116 2484
104 2472
81 2476
35 2481
70 2471
12 2476
25 2478
50 2476
101 2472
75 2482
22 2472
44 2474
89 2478
50 2484
100 2473
73 2474
18 2471
36 2480
72 2488
16 2489
32 2470
65 2471
3 2475
6 2474
12 2476
24 2471
49 2477
98 2473
69 2480
11 2476
22 2479
44 2474
88 2475
48 2474
96 2478
65 2472
3 2474
7 2474
15 2485
30 2478
60 2469
121 2470
115 2476
103 2472
78 2474
29 2470
59 2470
119 2476
111 2474
94 2478
60 2470
121 2470
115 2483
103 2480
79 2474
30 2486
61 2470
122 2479
117 2476
106 2473
85 2475
42 2474
85 2476
42 2474
84 2476
41 2474
83 2475
38 2472
77 2490
27 2471
54 2484
109 2473
91 2469
54 2477
109 2473
91 2469
55 2476
111 2473
94 2470
60 2469
120 2476
112 2475
97 2472
66 2483
5 2474
10 2476
20 2471
41 2482
83 2475
38 2471
77 2474
26 2470
52 2476
105 2474
83 2484
38 2472
76 2474
24 2471
48 2482
97 2488
66 2470
4 2490
8 2475
17 2487
35 2473
70 2472
13 2476
26 2470
52 2477
104 2472
81 2476
35 2472
71 2480
14 2484
28 2470
57 2470
115 2476
102 2473
77 2490
26 2478
52 2477
105 2475
82 2483
37 2472
75 2475
22 2472
45 2472
91 2471
55 2475
110 2474
93 2483
58 2469
116 2483
105 2475
82 2477
36 2481
73 2490
18 2470
37 2471
75 2475
23 2471
46 2482
92 2478
56 2475
113 2476
98 2472
68 2471
9 2476
19 2471
39 2480
78 2475
29 2471
58 2469
116 2483
104 2471
80 2474
33 2472
67 2472
6 2474
12 2492
24 2487
49 2483
99 2480
70 2489
13 2476
26 2478
52 2476
104 2472
81 2475
34 2472
69 2485
11 2476
23 2472
47 2482
94 2469
61 2470
122 2478
117 2476
106 2490
85 2484
42 2475
84 2477
40 2472
80 2474
33 2472
67 2472
7 2470
14 2484
28 2470
57 2478
114 2476
101 2473
74 2474
21 2476
43 2474
87 2492
47 2482
95 2470
62 2477
124 2471
121 2478
114 2484
100 2473
73 2475
18 2476
36 2473
73 2475
19 2479
39 2471
79 2482
30 2487
61 2469
123 2471
119 2476
110 2474
92 2470
56 2476
112 2485
96 2478
65 2471
3 2474
7 2474
15 2476
31 2471
62 2470
125 2487
122 2470
116 2476
104 2473
80 2474
33 2480
66 2472
4 2474
9 2476
18 2471
37 2473
75 2482
22 2471
44 2474
89 2470
50 2475
101 2487
74 2482
21 2471
43 2474
86 2477
45 2474
90 2486
53 2484
107 2473
86 2475
44 2474
88 2477
49 2476
98 2473
69 2472
11 2476
22 2471
44 2474
88 2475
48 2474
97 2480
66 2471
4 2482
8 2474
16 2476
33 2472
66 2473
5 2482
11 2476
23 2471
46 2482
93 2469
58 2469
117 2483
107 2473
87 2485
47 2482
94 2470
61 2470
122 2478
116 2493
104 2473
81 2476
35 2480
71 2472
14 2476
28 2478
56 2469
112 2474
97 2472
66 2480
4 2474
9 2476
18 2479
37 2488
74 2482
20 2479
40 2472
81 2476
34 2479
69 2472
10 2476
21 2479
42 2474
84 2476
40 2472
80 2475
33 2472
66 2488
5 2472
10 2492
20 2471
40 2473
80 2483
32 2471
65 2487
3 2474
6 2482
13 2476
27 2473
55 2477
111 2474
95 2478
62 2470
125 2479
123 2471
119 2476
110 2475
93 2470
58 2470
116 2476
105 2474
82 2476
37 2473
74 2473
21 2488
43 2474
87 2476
47 2475
95 2478
63 2485
126 2479
124 2471
121 2479
114 2476
101 2469
74 2482
21 2471
43 2474
86 2477
45 2482
90 2475
52 2484
104 2488
81 2476
34 2472
68 2473
8 2475
16 2483
33 2472
67 2473
7 2475
15 2476
31 2478
62 2469
125 2470
123 2470
118 2484
108 2473
88 2475
48 2482
97 2480
67 2472
6 2481
13 2476
26 2478
52 2476
105 2473
83 2485
39 2480
79 2474
31 2471
62 2470
124 2471
121 2470
114 2476
100 2480
73 2474
18 2479
37 2472
75 2474
23 2471
