Hello World!
text: 0000000080001312, shared data: 00000000800019C0
1000 points done
1000 points done
1000 points done
Done... printing results
195 70866
134 70860
12 70828
24 70865
49 70860
99 70867
199 70862
142 70865
29 70859
58 70828
117 70828
234 70828
213 70867
171 70863
87 70828
174 70865
93 70860
187 70867
119 70858
238 70867
220 70860
184 70867
113 70863
227 70867
199 70863
143 70865
30 70863
60 70867
121 70860
243 70828
231 70828
207 70867
158 70863
61 70828
122 70829
244 70828
232 70828
209 70828
163 70865
71 70860
142 70867
29 70856
58 70828
117 70867
235 70862
214 70828
173 70870
90 70860
180 70828
105 70867
211 70862
167 70870
79 70860
159 70828
63 70829
126 70870
252 70856
249 70828
243 70870
231 70856
206 70870
157 70858
58 70828
117 70867
235 70866
214 70828
172 70867
88 70860
177 70828
98 70867
196 70858
136 70828
17 70867
35 70828
71 70854
142 70828
29 70828
59 70828
119 70870
239 70866
223 70867
190 70828
124 70861
248 70865
241 70828
227 70858
198 70828
141 70867
27 70866
55 70870
110 70854
220 70867
184 70854
113 70829
226 70867
197 70854
139 70870
22 70856
44 70828
89 70867
179 70828
103 70856
207 70870
158 70863
60 70867
121 70860
243 70828
231 70828
207 70867
158 70863
61 70828
123 70865
247 70860
238 70870
221 70860
186 70867
116 70861
232 70828
209 70828
162 70870
68 70860
136 70828
17 70867
34 70863
68 70828
137 70867
19 70854
38 70828
77 70828
154 70828
52 70828
105 70870
211 70858
166 70829
77 70829
155 70865
55 70863
111 70870
223 70859
191 70870
126 70863
253 70865
250 70863
244 70828
232 70870
208 70861
161 70828
66 70828
132 70828
8 70828
16 70870
32 70861
64 70870
129 70863
3 70838
6 70828
12 70828
24 70870
48 70863
97 70828
195 70828
135 70828
14 70828
29 70867
58 70863
117 70829
234 70828
212 70867
168 70863
81 70870
162 70866
68 70828
136 70829
17 70867
35 70829
71 70870
143 70854
30 70870
60 70862
120 70863
240 70828
225 70828
194 70828
132 70828
8 70829
16 70870
33 70854
66 70867
133 70863
11 70865
22 70863
45 70870
90 70858
180 70828
104 70867
208 70858
161 70867
67 70858
135 70828
14 70870
29 70863
58 70828
117 70828
234 70867
213 70862
170 70828
84 70828
169 70828
83 70828
166 70828
76 70828
153 70865
51 70859
102 70828
205 70828
155 70829
54 70828
109 70867
219 70859
183 70828
110 70828
220 70828
185 70870
114 70863
228 70867
200 70828
145 70866
35 70828
71 70865
142 70828
29 70858
59 70828
119 70865
239 70863
222 70828
189 70870
123 70858
247 70870
238 70828
221 70863
187 70870
119 70866
238 70865
220 70863
184 70865
112 70861
225 70829
194 70828
132 70828
8 70870
16 70863
33 70865
66 70863
132 70870
8 70866
17 70828
35 70865
71 70860
142 70867
29 70856
58 70828
116 70870
232 70860
208 70867
161 70856
66 70828
133 70867
10 70858
21 70867
42 70858
85 70828
170 70865
84 70859
168 70828
80 70867
160 70863
64 70828
129 70828
3 70829
7 70867
14 70863
28 70828
56 70829
113 70828
227 70828
198 70828
140 70828
25 70828
51 70867
103 70862
207 70829
159 70870
63 70866
126 70828
253 70828
251 70867
247 70866
238 70865
220 70863
185 70828
115 70828
231 70828
207 70870
158 70863
61 70828
122 70867
244 70862
232 70828
208 70828
160 70867
64 70860
128 70870
1 70867
2 70838
4 70868
9 70865
19 70828
39 70870
79 70858
159 70870
63 70863
126 70867
253 70863
251 70828
246 70828
237 70867
219 70859
183 70828
111 70867
222 70862
189 70870
122 70854
244 70828
233 70865
211 70861
166 70828
76 70867
153 70854
50 70828
100 70870
201 70858
146 70828
36 70870
72 70828
144 70863
33 70870
67 70854
134 70828
13 70865
27 70860
54 70867
108 70860
216 70870
176 70854
97 70867
195 70861
135 70867
15 70866
31 70828
62 70828
124 70828
248 70867
240 70860
224 70828
192 70828
129 70870
2 70870
4 70865
9 70829
18 70828
36 70828
73 70867
146 70863
37 70870
75 70861
150 70828
44 70828
88 70828
176 70828
97 70829
195 70867
135 70828
14 70861
29 70828
59 70867
118 70861
236 70829
216 70828
177 70867
98 70858
197 70867
139 70854
22 70867
44 70859
88 70829
177 70865
98 70828
196 70863
136 70870
16 70862
33 70828
66 70828
132 70828
8 70828
16 70870
32 70861
64 70870
128 70828
0 70847
0 70848
1 70867
2 70838
5 70829
11 70828
22 70828
44 70828
89 70828
178 70870
101 70858
203 70870
151 70863
46 70867
93 70828
186 70862
117 70867
235 70866
214 70828
172 70867
88 70860
176 70867
96 70860
192 70828
128 70828
0 70846
1 70865
2 70840
5 70866
11 70870
23 70854
46 70828
92 70828
185 70865
115 70860
230 70867
205 70856
154 70828
52 70870
105 70862
210 70828
165 70828
74 70829
148 70870
41 70866
83 70829
167 70828
78 70828
157 70867
58 70863
116 70828
233 70867
210 70862
165 70828
75 70829
151 70867
47 70828
94 70860
189 70829
123 70828
247 70828
238 70828
220 70828
185 70865
115 70860
231 70867
206 70860
156 70829
56 70865
112 70861
225 70829
194 70828
133 70867
11 70859
22 70829
44 70829
88 70829
176 70829
96 70867
192 70866
128 70865
1 70829
2 70841
4 70865
8 70874
16 70862
32 70865
64 70862
129 70828
3 70829
7 70867
15 70866
30 70828
61 70867
122 70863
245 70870
234 70858
212 70828
168 70870
80 70859
160 70867
64 70856
129 70870
2 70870
4 70865
9 70829
19 70867
38 70866
77 70870
155 70860
55 70867
111 70862
223 70870
190 70859
125 70870
250 70863
245 70828
234 70828
213 70828
171 70867
87 70859
175 70828
95 70867
191 70862
127 70867
255 70862
254 70828
253 70828
250 70829
245 70828
234 70867
212 70863
169 70870
82 70862
165 70828
75 70829
151 70867
47 70828
94 70860
189 70829
123 70828
246 70867
237 70863
219 70828
182 70867
108 70858
216 70867
177 70858
98 70867
196 70858
137 70870
19 70863
39 70828
79 70865
158 70854
60 70828
120 70865
240 70862
225 70828
195 70870
134 70860
13 70829
26 70870
53 70866
107 70828
215 70867
175 70858
95 70867
191 70862
126 70828
253 70828
250 70870
245 70858
234 70828
213 70867
171 70863
86 70828
173 70828
91 70828
183 70867
111 70862
223 70870
191 70863
126 70867
252 70854
248 70828
241 70828
226 70867
196 70860
137 70828
19 70829
39 70867
79 70859
159 70870
63 70866
127 70829
254 70865
253 70863
250 70865
245 70856
235 70829
215 70867
174 70856
92 70829
184 70867
112 70862
225 70828
194 70828
132 70828
9 70865
18 70859
37 70870
75 70866
150 70865
45 70866
90 70828
180 70829
105 70867
210 70858
164 70867
72 70856
144 70867
32 70858
64 70867
129 70854
2 70840
4 70831
9 70863
18 70867
36 70828
72 70860
144 70828
33 70828
67 70829
135 70828
14 70867
28 70863
56 70870
113 70859
226 70867
197 70854
138 70828
21 70828
42 70829
84 70828
168 70828
80 70828
160 70867
64 70860
128 70870
0 70841
0 70844
0 70848
0 70845
1 70862
2 70834
5 70865
11 70866
22 70870
44 70856
89 70867
179 70828
103 70856
206 70870
157 70858
58 70828
116 70867
232 70863
208 70829
160 70867
65 70854
131 70828
7 70828
14 70867
28 70863
56 70870
113 70859
227 70828
199 70867
143 70859
30 70867
61 70861
122 70828
244 70867
233 70828
211 70866
166 70867
77 70860
154 70867
52 70860
104 70828
208 70828
160 70867
64 70860
128 70870
0 70841
1 70837
3 70867
7 70866
15 70867
31 70858
63 70828
127 70828
254 70828
252 70828
248 70867
241 70858
226 70870
196 70861
136 70828
17 70870
34 70860
69 70865
138 70858
21 70867
43 70859
87 70828
175 70867
95 70854
190 70829
124 70828
249 70828
242 70828
228 70828
201 70828
147 70828
38 70867
77 70859
155 70865
55 70863
111 70870
223 70859
190 70828
124 70867
248 70863
240 70828
225 70828
194 70828
133 70870
10 70861
20 70870
40 70828
81 70856
162 70870
68 70860
136 70828
16 70828
32 70867
65 70854
131 70828
6 70828
12 70828
25 70867
51 70866
102 70867
205 70856
154 70828
52 70870
105 70862
210 70828
165 70828
74 70829
148 70870
41 70866
82 70828
165 70828
75 70867
150 70856
44 70828
88 70828
176 70828
97 70870
195 70866
134 70828
13 70867
26 70866
53 70828
106 70828
213 70828
171 70867
86 70858
172 70867
89 70858
179 70828
103 70867
206 70861
157 70867
59 70866
119 70828
238 70828
220 70828
184 70828
113 70828
226 70870
196 70861
137 70829
18 70828
36 70828
72 70870
144 70860
33 70867
66 70863
133 70828
10 70865
21 70828
42 70863
85 70867
171 70856
86 70870
172 70863
88 70870
177 70854
99 70867
198 70859
141 70867
26 70866
52 70828
105 70867
210 70863
164 70829
73 70828
147 70829
39 70867
78 70858
157 70828
59 70867
119 70856
239 70870
223 70858
191 70828
126 70867
253 70859
250 70867
244 70862
232 70828
208 70828
160 70867
64 70860
129 70867
3 70868
6 70828
13 70867
26 70866
53 70828
107 70829
214 70870
173 70866
90 70828
180 70829
104 70870
209 70854
162 70870
68 70858
136 70828
17 70867
35 70828
71 70854
143 70867
31 70860
63 70867
126 70828
253 70828
251 70863
246 70870
237 70828
218 70863
180 70870
104 70862
209 70828
163 70829
71 70870
143 70854
31 70867
63 70861
126 70829
252 70828
248 70870
241 70856
227 70828
199 70870
143 70856
31 70870
63 70866
127 70829
255 70828
254 70828
253 70828
250 70829
244 70828
233 70870
211 70860
166 70828
76 70867
152 70858
48 70828
97 70865
194 70859
133 70865
11 70866
23 70870
46 70858
93 70870
187 70856
118 70870
237 70862
219 70865
183 70859
110 70829
220 70829
185 70867
114 70866
229 70828
203 70867
151 70854
47 70829
95 70828
191 70829
127 70867
255 70859
255 70828
255 70870
254 70854
252 70828
249 70828
242 70828
229 70865
202 70854
149 70828
42 70865
84 70859
169 70870
83 70862
166 70828
77 70828
155 70870
55 70856
110 70828
221 70867
187 70859
119 70867
239 70860
222 70829
188 70865
121 70863
242 70870
229 70866
202 70867
149 70856
42 70870
85 70866
170 70828
84 70867
168 70863
81 70870
163 70861
70 70828
140 70828
24 70867
48 70866
96 70828
193 70867
130 70860
5 70832
10 70828
21 70865
43 70828
87 70862
174 70829
93 70870
187 70854
119 70867
238 70866
220 70870
184 70866
112 70828
224 70829
193 70867
130 70856
5 70865
10 70831
21 70862
42 70829
84 70828
168 70828
81 70828
162 70829
69 70828
138 70867
20 70858
40 70867
81 70862
162 70828
69 70837
139 70870
23 70860
46 70829
92 70870
185 70866
115 70828
230 70867
205 70854
154 70867
53 70860
107 70867
214 70828
173 70859
90 70828
181 70828
107 70870
214 70863
172 70867
88 70859
176 70829
96 70867
193 70861
130 70870
5 70868
11 70865
23 70866
47 70867
95 70856
190 70828
125 70828
251 70865
246 70854
237 70828
218 70865
180 70854
104 70828
208 70865
160 70858
64 70867
129 70854
3 70834
7 70828
15 70829
31 70867
63 70860
127 70870
254 70854
253 70867
250 70854
244 70828
232 70829
209 70829
162 70867
68 70862
137 70828
18 70828
36 70867
73 70866
146 70867
36 70828
72 70860
144 70828
32 70867
65 70859
131 70828
7 70867
15 70862
31 70829
62 70828
124 70828
248 70870
241 70856
226 70828
197 70865
138 70858
20 70867
40 70856
81 70829
163 70867
70 70866
141 70828
27 70867
54 70858
108 70867
216 70856
177 70867
99 70859
199 70865
143 70863
30 70865
61 70858
123 70865
246 70854
236 70828
216 70867
176 70863
97 70828
194 70867
132 70860
8 70867
17 70863
35 70867
71 70828
142 70862
29 70867
58 70863
117 70829
234 70828
212 70867
168 70863
80 70870
160 70862
64 70829
128 70828
0 70843
0 70850
0 70837
1 70844
3 70865
7 70867
15 70866
30 70828
61 70867
123 70862
247 70828
238 70828
220 70828
184 70829
112 70828
224 70867
192 70828
128 70858
1 70860
2 70837
4 70861
8 70828
17 70867
35 70828
71 70854
143 70867
31 70860
63 70867
127 70863
254 70870
252 70856
249 70828
242 70828
229 70865
203 70860
151 70867
47 70863
95 70867
191 70863
126 70867
253 70863
250 70867
244 70828
232 70863
209 70870
162 70863
68 70867
137 70828
18 70858
36 70828
72 70867
144 70863
32 70829
65 70828
130 70867
5 70837
11 70866
22 70870
45 70860
91 70865
182 70858
109 70867
218 70858
180 70828
104 70867
209 70859
163 70867
71 70861
143 70867
30 70861
60 70829
120 70828
241 70867
227 70854
198 70867
140 70854
25 70829
50 70867
100 70858
201 70828
146 70870
36 70859
72 70867
145 70829
35 70828
71 70828
142 70867
29 70870
59 70863
119 70828
238 70867
220 70860
184 70867
113 70863
226 70828
196 70870
136 70863
17 70828
35 70867
71 70861
143 70867
31 70856
62 70828
125 70828
250 70870
245 70858
234 70828
212 70870
169 70863
82 70867
164 70854
72 70828
144 70870
32 70861
64 70870
128 70828
1 70863
2 70837
5 70867
11 70859
22 70829
45 70865
90 70861
180 70828
104 70870
208 70861
160 70865
65 70828
131 70862
7 70867
14 70863
28 70828
57 70865
114 70854
229 70867
202 70862
149 70867
42 70860
84 70870
168 70859
80 70828
161 70828
67 70829
135 70828
14 70867
29 70866
59 70867
118 70860
236 70828
217 70829
179 70828
102 70867
205 70866
154 70870
52 70866
104 70828
209 70828
163 70867
71 70866
143 70870
31 70861
63 70828
126 70867
252 70858
248 70870
241 70856
226 70828
196 70829
136 70870
16 70863
32 70829
65 70828
130 70867
4 70868
8 70865
17 70858
35 70865
71 70860
142 70867
28 70861
57 70867
115 70866
230 70870
204 70862
153 70865
51 70859
102 70828
204 70867
153 70859
50 70867
100 70858
201 70828
146 70870
37 70863
75 70828
150 70867
45 70858
91 70828
183 70867
111 70862
222 70870
189 70860
122 70828
245 70828
235 70867
214 70828
172 70858
88 70828
177 70829
98 70828
196 70867
136 70863
17 70828
35 70865
70 70854
140 70870
24 70858
49 70870
98 70861
196 70870
136 70859
17 70867
35 70859
70 70870
141 70866
27 70828
54 70867
109 70859
218 70867
180 70866
104 70828
209 70828
163 70867
71 70866
143 70870
30 70866
60 70828
120 70867
240 70858
225 70870
194 70828
133 70863
11 70870
23 70854
46 70828
92 70828
185 70865
114 70854
229 70867
203 70828
150 70858
45 70829
91 70828
182 70867
109 70859
218 70867
181 70861
106 70828
213 70867
170 70828
85 70859
170 70870
85 70866
171 70829
86 70867
173 70860
90 70829
181 70870
106 70863
213 70867
170 70866
85 70828
171 70867
86 70860
173 70867
90 70859
180 70870
104 70863
208 70829
160 70867
64 70856
129 70870
2 70870
4 70865
8 70828
17 70870
34 70860
68 70829
137 70870
18 70863
36 70828
73 70828
146 70867
36 70863
72 70828
145 70867
34 70862
68 70870
136 70859
17 70867
35 70859
71 70870
142 70856
29 70828
58 70867
117 70866
234 70867
212 70828
168 70861
80 70867
161 70854
67 70867
134 70828
13 70866
27 70828
54 70867
109 70859
219 70828
182 70870
109 70856
218 70870
180 70863
105 70828
211 70867
166 70862
76 70865
152 70862
48 70867
96 70861
192 70829
128 70828
1 70865
3 70834
6 70867
13 70859
27 70870
55 70854
111 70867
223 70863
191 70867
126 70866
252 70870
249 70828
242 70828
228 70859
200 70828
145 70870
35 70860
71 70828
143 70828
30 70829
60 70870
120 70856
241 70867
227 70866
199 70867
143 70860
31 70828
63 70870
127 70862
255 70870
255 70860
254 70828
252 70867
248 70856
240 70870
225 70862
194 70867
133 70862
11 70828
22 70828
45 70828
91 70867
182 70863
108 70828
217 70828
178 70865
100 70866
200 70828
144 70867
32 70858
64 70867
129 70854
2 70840
5 70866
10 70828
20 70865
41 70863
83 70828
167 70867
78 70862
157 70870
58 70859
117 70828
234 70828
213 70828
171 70867
87 70859
175 70828
94 70870
188 70860
121 70867
243 70862
231 70828
206 70828
157 70828
58 70870
116 70828
232 70863
209 70870
162 70863
68 70867
136 70862
17 70867
34 70863
68 70828
137 70867
18 70856
36 70828
72 70870
144 70860
33 70867
67 70862
134 70870
12 70854
24 70828
48 70828
96 70829
193 70867
130 70856
4 70829
9 70867
19 70860
39 70870
79 70860
158 70828
61 70867
122 70863
244 70828
232 70870
208 70861
161 70828
67 70828
135 70867
15 70862
31 70829
62 70828
125 70829
250 70867
245 70828
234 70861
213 70828
171 70870
86 70861
173 70828
90 70870
180 70863
104 70867
209 70860
163 70828
71 70865
142 70828
29 70858
59 70828
118 70829
237 70867
219 70854
183 70870
111 70854
223 70829
190 70828
124 70867
248 70863
240 70828
224 70867
193 70863
131 70828
7 70828
14 70828
28 70867
57 70862
115 70828
231 70828
207 70870
158 70863
60 70867
121 70860
242 70867
228 70860
201 70865
147 70854
38 70828
76 70865
152 70862
49 70828
98 70867
197 70854
139 70870
22 70856
45 70867
90 70862
180 70867
105 70863
210 70870
164 70856
73 70828
147 70828
39 70828
78 70828
156 70870
56 70860
113 70865
227 70859
199 70865
143 70863
31 70828
63 70828
126 70870
253 70856
250 70870
245 70858
235 70828
215 70867
174 70858
92 70828
184 70829
113 70828
226 70867
197 70859
139 70828
22 70828
44 70828
88 70828
177 70867
99 70859
199 70865
143 70863
30 70865
61 70858
122 70829
244 70828
232 70828
209 70828
163 70865
70 70854
140 70870
25 70859
50 70867
101 70859
203 70870
150 70863
44 70870
89 70854
178 70828
100 70829
201 70828
146 70867
36 70863
72 70828
144 70867
32 70858
65 70867
131 70859
6 70867
12 70858
24 70865
49 70860
98 70867
197 70858
139 70867
22 70860
44 70867
88 70863
176 70865
96 70863
193 70828
131 70867
7 70866
15 70867
30 70860
60 70828
121 70828
243 70870
231 70856
206 70870
157 70858
59 70828
119 70865
239 70863
222 70828
188 70870
121 70856
243 70867
231 70859
207 70867
158 70866
61 70829
122 70865
245 70856
234 70828
213 70828
170 70867
85 70854
170 70828
84 70867
169 70866
83 70829
166 70865
77 70863
155 70870
54 70856
109 70867
219 70854
182 70828
109 70828
219 70865
183 70859
111 70865
222 70861
188 70828
120 70867
240 70856
225 70865
194 70859
133 70865
10 70831
20 70863
41 70867
83 70856
166 70867
77 70859
154 70829
52 70867
105 70861
211 70867
166 70863
76 70829
152 70867
48 70866
97 70828
194 70828
132 70828
8 70828
17 70828
35 70870
70 70859
141 70867
26 70866
52 70828
104 70828
209 70828
163 70870
71 70862
142 70865
28 70858
57 70865
115 70860
230 70867
205 70856
154 70828
52 70870
105 70862
210 70828
165 70828
75 70865
150 70859
45 70865
91 70856
183 70828
110 70828
221 70870
186 70861
116 70865
233 70861
210 70828
164 70867
73 70866
146 70867
37 70863
75 70828
151 70828
46 70865
92 70854
184 70870
113 70859
226 70867
196 70856
137 70865
19 70863
39 70828
78 70867
157 70828
58 70861
116 70865
232 70866
208 70870
161 70828
67 70863
134 70867
12 70858
24 70865
49 70860
99 70867
198 70863
141 70828
26 70828
52 70829
104 70870
209 70854
162 70870
69 70859
139 70828
23 70867
47 70828
94 70860
189 70829
122 70865
245 70856
234 70828
213 70828
170 70867
84 70856
168 70828
80 70828
161 70867
67 70862
135 70870
14 70859
28 70867
57 70859
114 70870
229 70866
202 70867
149 70856
43 70867
87 70854
175 70828
95 70828
190 70867
124 70863
249 70867
242 70859
228 70867
201 70828
146 70861
36 70867
73 70854
147 70865
39 70858
79 70865
158 70854
61 70828
123 70870
247 70862
238 70867
220 70863
184 70867
112 70828
224 70856
193 70828
131 70865
7 70860
15 70870
31 70866
62 70865
125 70854
250 70870
244 70858
232 70829
208 70828
161 70867
66 70860
132 70867
9 70858
18 70867
37 70862
75 70829
150 70828
44 70828
89 70867
178 70862
101 70870
202 70859
149 70867
43 70854
86 70867
173 70861
90 70867
181 70866
107 70828
214 70828
172 70828
88 70828
177 70870
98 70861
197 70870
139 70863
22 70870
44 70856
88 70828
176 70828
97 70870
194 70863
132 70870
8 70866
16 70867
33 70863
66 70865
133 70866
11 70870
23 70860
46 70829
93 70870
186 70856
117 70828
235 70828
215 70828
175 70865
94 70858
189 70865
122 70866
244 70828
232 70867
209 70859
163 70867
71 70861
142 70870
28 70828
56 70863
112 70867
225 70828
194 70858
132 70828
9 70867
18 70856
37 70829
74 70867
148 70866
40 70865
81 70854
162 70870
69 70859
138 70867
21 70854
42 70867
84 70866
168 70867
80 70828
161 70858
66 70828
133 70829
10 70828
20 70867
40 70856
80 70828
160 70870
65 70856
131 70867
6 70866
13 70867
27 70828
55 70828
111 70863
223 70828
190 70828
125 70828
251 70865
247 70860
238 70870
221 70860
186 70867
116 70861
233 70867
210 70863
165 70865
74 70863
149 70828
43 70867
87 70854
175 70828
95 70828
191 70828
126 70865
252 70828
249 70858
242 70842
229 70858
202 70828
149 70867
43 70859
86 70867
173 70860
90 70829
180 70870
104 70863
209 70865
162 70863
68 70828
136 70828
16 70865
33 70863
67 70870
135 70859
15 70870
31 70866
62 70865
125 70854
251 70867
246 70862
236 70828
216 70828
176 70828
97 70865
195 70863
134 70828
13 70870
26 70863
52 70867
105 70856
211 70867
167 70828
79 70866
159 70828
62 70867
124 70863
249 70867
242 70859
228 70867
201 70828
146 70861
37 70828
75 70867
151 70854
